{"/Users/kepa.cantero/Projects/rovo-execution-guard/src/backend/resolvers/github-webhook.ts": {"path":"/Users/kepa.cantero/Projects/rovo-execution-guard/src/backend/resolvers/github-webhook.ts","statementMap":{"0":{"start":{"line":17,"column":0},"end":{"line":17,"column":53}},"1":{"start":{"line":23,"column":0},"end":{"line":23,"column":43}},"2":{"start":{"line":25,"column":0},"end":{"line":25,"column":null}},"3":{"start":{"line":30,"column":0},"end":{"line":30,"column":93}},"4":{"start":{"line":32,"column":0},"end":{"line":32,"column":null}},"5":{"start":{"line":38,"column":0},"end":{"line":38,"column":65}},"6":{"start":{"line":93,"column":27},"end":{"line":93,"column":32}},"7":{"start":{"line":96,"column":34},"end":{"line":96,"column":36}},"8":{"start":{"line":99,"column":21},"end":{"line":99,"column":35}},"9":{"start":{"line":102,"column":29},"end":{"line":102,"column":63}},"10":{"start":{"line":105,"column":68},"end":{"line":110,"column":11}},"11":{"start":{"line":123,"column":12},"end":{"line":126,"column":1}},"12":{"start":{"line":125,"column":2},"end":{"line":125,"column":37}},"13":{"start":{"line":136,"column":28},"end":{"line":140,"column":1}},"14":{"start":{"line":137,"column":20},"end":{"line":137,"column":43}},"15":{"start":{"line":138,"column":17},"end":{"line":138,"column":60}},"16":{"start":{"line":139,"column":2},"end":{"line":139,"column":38}},"17":{"start":{"line":152,"column":35},"end":{"line":167,"column":1}},"18":{"start":{"line":153,"column":2},"end":{"line":155,"column":3}},"19":{"start":{"line":154,"column":4},"end":{"line":154,"column":17}},"20":{"start":{"line":157,"column":22},"end":{"line":157,"column":44}},"21":{"start":{"line":158,"column":19},"end":{"line":158,"column":50}},"22":{"start":{"line":159,"column":19},"end":{"line":159,"column":69}},"23":{"start":{"line":162,"column":2},"end":{"line":164,"column":3}},"24":{"start":{"line":163,"column":4},"end":{"line":163,"column":17}},"25":{"start":{"line":166,"column":2},"end":{"line":166,"column":45}},"26":{"start":{"line":152,"column":13},"end":{"line":152,"column":35}},"27":{"start":{"line":179,"column":35},"end":{"line":189,"column":1}},"28":{"start":{"line":180,"column":18},"end":{"line":180,"column":40}},"29":{"start":{"line":181,"column":2},"end":{"line":183,"column":3}},"30":{"start":{"line":182,"column":4},"end":{"line":182,"column":21}},"31":{"start":{"line":185,"column":2},"end":{"line":187,"column":3}},"32":{"start":{"line":186,"column":4},"end":{"line":186,"column":21}},"33":{"start":{"line":188,"column":2},"end":{"line":188,"column":17}},"34":{"start":{"line":179,"column":13},"end":{"line":179,"column":35}},"35":{"start":{"line":200,"column":23},"end":{"line":232,"column":1}},"36":{"start":{"line":201,"column":14},"end":{"line":201,"column":24}},"37":{"start":{"line":202,"column":14},"end":{"line":202,"column":51}},"38":{"start":{"line":204,"column":2},"end":{"line":206,"column":3}},"39":{"start":{"line":205,"column":4},"end":{"line":205,"column":76}},"40":{"start":{"line":208,"column":16},"end":{"line":208,"column":42}},"41":{"start":{"line":209,"column":2},"end":{"line":209,"column":27}},"42":{"start":{"line":209,"column":14},"end":{"line":209,"column":27}},"43":{"start":{"line":212,"column":2},"end":{"line":214,"column":3}},"44":{"start":{"line":213,"column":4},"end":{"line":213,"column":16}},"45":{"start":{"line":216,"column":2},"end":{"line":227,"column":3}},"46":{"start":{"line":217,"column":4},"end":{"line":225,"column":7}},"47":{"start":{"line":226,"column":4},"end":{"line":226,"column":17}},"48":{"start":{"line":229,"column":2},"end":{"line":229,"column":19}},"49":{"start":{"line":230,"column":2},"end":{"line":230,"column":35}},"50":{"start":{"line":231,"column":2},"end":{"line":231,"column":14}},"51":{"start":{"line":236,"column":26},"end":{"line":236,"column":87}},"52":{"start":{"line":243,"column":28},"end":{"line":243,"column":53}},"53":{"start":{"line":250,"column":28},"end":{"line":265,"column":1}},"54":{"start":{"line":251,"column":14},"end":{"line":251,"column":24}},"55":{"start":{"line":253,"column":2},"end":{"line":257,"column":3}},"56":{"start":{"line":254,"column":4},"end":{"line":256,"column":5}},"57":{"start":{"line":255,"column":6},"end":{"line":255,"column":37}},"58":{"start":{"line":259,"column":2},"end":{"line":261,"column":3}},"59":{"start":{"line":260,"column":4},"end":{"line":260,"column":16}},"60":{"start":{"line":263,"column":2},"end":{"line":263,"column":43}},"61":{"start":{"line":264,"column":2},"end":{"line":264,"column":15}},"62":{"start":{"line":275,"column":24},"end":{"line":280,"column":1}},"63":{"start":{"line":276,"column":2},"end":{"line":278,"column":3}},"64":{"start":{"line":277,"column":4},"end":{"line":277,"column":86}},"65":{"start":{"line":279,"column":2},"end":{"line":279,"column":15}},"66":{"start":{"line":287,"column":24},"end":{"line":296,"column":1}},"67":{"start":{"line":288,"column":2},"end":{"line":288,"column":58}},"68":{"start":{"line":288,"column":45},"end":{"line":288,"column":58}},"69":{"start":{"line":289,"column":16},"end":{"line":289,"column":45}},"70":{"start":{"line":290,"column":2},"end":{"line":290,"column":55}},"71":{"start":{"line":290,"column":42},"end":{"line":290,"column":55}},"72":{"start":{"line":291,"column":2},"end":{"line":291,"column":80}},"73":{"start":{"line":291,"column":67},"end":{"line":291,"column":80}},"74":{"start":{"line":292,"column":15},"end":{"line":292,"column":28}},"75":{"start":{"line":293,"column":2},"end":{"line":293,"column":62}},"76":{"start":{"line":293,"column":49},"end":{"line":293,"column":62}},"77":{"start":{"line":294,"column":2},"end":{"line":294,"column":81}},"78":{"start":{"line":294,"column":68},"end":{"line":294,"column":81}},"79":{"start":{"line":295,"column":2},"end":{"line":295,"column":14}},"80":{"start":{"line":303,"column":25},"end":{"line":313,"column":1}},"81":{"start":{"line":304,"column":2},"end":{"line":304,"column":62}},"82":{"start":{"line":304,"column":49},"end":{"line":304,"column":62}},"83":{"start":{"line":305,"column":14},"end":{"line":305,"column":45}},"84":{"start":{"line":306,"column":2},"end":{"line":306,"column":54}},"85":{"start":{"line":306,"column":41},"end":{"line":306,"column":54}},"86":{"start":{"line":307,"column":2},"end":{"line":307,"column":54}},"87":{"start":{"line":307,"column":41},"end":{"line":307,"column":54}},"88":{"start":{"line":308,"column":2},"end":{"line":308,"column":58}},"89":{"start":{"line":308,"column":45},"end":{"line":308,"column":58}},"90":{"start":{"line":309,"column":15},"end":{"line":309,"column":32}},"91":{"start":{"line":310,"column":2},"end":{"line":310,"column":62}},"92":{"start":{"line":310,"column":49},"end":{"line":310,"column":62}},"93":{"start":{"line":311,"column":2},"end":{"line":311,"column":87}},"94":{"start":{"line":311,"column":74},"end":{"line":311,"column":87}},"95":{"start":{"line":312,"column":2},"end":{"line":312,"column":14}},"96":{"start":{"line":324,"column":33},"end":{"line":349,"column":1}},"97":{"start":{"line":330,"column":2},"end":{"line":348,"column":3}},"98":{"start":{"line":331,"column":37},"end":{"line":336,"column":6}},"99":{"start":{"line":337,"column":4},"end":{"line":337,"column":86}},"100":{"start":{"line":339,"column":16},"end":{"line":339,"column":81}},"101":{"start":{"line":340,"column":4},"end":{"line":347,"column":7}},"102":{"start":{"line":360,"column":29},"end":{"line":369,"column":2}},"103":{"start":{"line":364,"column":27},"end":{"line":369,"column":2}},"104":{"start":{"line":376,"column":28},"end":{"line":406,"column":1}},"105":{"start":{"line":383,"column":15},"end":{"line":390,"column":14}},"106":{"start":{"line":392,"column":2},"end":{"line":405,"column":3}},"107":{"start":{"line":393,"column":4},"end":{"line":393,"column":100}},"108":{"start":{"line":395,"column":16},"end":{"line":395,"column":94}},"109":{"start":{"line":396,"column":4},"end":{"line":404,"column":7}},"110":{"start":{"line":418,"column":22},"end":{"line":439,"column":1}},"111":{"start":{"line":419,"column":2},"end":{"line":438,"column":3}},"112":{"start":{"line":420,"column":4},"end":{"line":427,"column":7}},"113":{"start":{"line":430,"column":16},"end":{"line":430,"column":94}},"114":{"start":{"line":431,"column":4},"end":{"line":437,"column":7}},"115":{"start":{"line":449,"column":22},"end":{"line":452,"column":1}},"116":{"start":{"line":450,"column":2},"end":{"line":450,"column":36}},"117":{"start":{"line":450,"column":23},"end":{"line":450,"column":36}},"118":{"start":{"line":451,"column":2},"end":{"line":451,"column":41}},"119":{"start":{"line":459,"column":25},"end":{"line":481,"column":1}},"120":{"start":{"line":460,"column":25},"end":{"line":467,"column":14}},"121":{"start":{"line":469,"column":22},"end":{"line":472,"column":15}},"122":{"start":{"line":471,"column":18},"end":{"line":471,"column":99}},"123":{"start":{"line":474,"column":16},"end":{"line":474,"column":86}},"124":{"start":{"line":476,"column":2},"end":{"line":478,"column":3}},"125":{"start":{"line":477,"column":4},"end":{"line":477,"column":56}},"126":{"start":{"line":480,"column":2},"end":{"line":480,"column":26}},"127":{"start":{"line":489,"column":28},"end":{"line":521,"column":1}},"128":{"start":{"line":497,"column":2},"end":{"line":520,"column":3}},"129":{"start":{"line":500,"column":4},"end":{"line":508,"column":6}},"130":{"start":{"line":510,"column":4},"end":{"line":519,"column":6}},"131":{"start":{"line":527,"column":26},"end":{"line":530,"column":1}},"132":{"start":{"line":528,"column":20},"end":{"line":528,"column":40}},"133":{"start":{"line":529,"column":2},"end":{"line":529,"column":67}},"134":{"start":{"line":538,"column":23},"end":{"line":628,"column":1}},"135":{"start":{"line":547,"column":21},"end":{"line":547,"column":47}},"136":{"start":{"line":549,"column":17},"end":{"line":549,"column":84}},"137":{"start":{"line":551,"column":2},"end":{"line":611,"column":3}},"138":{"start":{"line":552,"column":4},"end":{"line":560,"column":7}},"139":{"start":{"line":561,"column":4},"end":{"line":610,"column":6}},"140":{"start":{"line":614,"column":56},"end":{"line":618,"column":4}},"141":{"start":{"line":619,"column":23},"end":{"line":619,"column":42}},"142":{"start":{"line":621,"column":17},"end":{"line":621,"column":88}},"143":{"start":{"line":623,"column":2},"end":{"line":623,"column":48}},"144":{"start":{"line":625,"column":2},"end":{"line":625,"column":83}},"145":{"start":{"line":627,"column":2},"end":{"line":627,"column":54}},"146":{"start":{"line":635,"column":26},"end":{"line":656,"column":1}},"147":{"start":{"line":639,"column":15},"end":{"line":639,"column":44}},"148":{"start":{"line":641,"column":2},"end":{"line":648,"column":5}},"149":{"start":{"line":650,"column":2},"end":{"line":655,"column":4}},"150":{"start":{"line":663,"column":17},"end":{"line":666,"column":1}},"151":{"start":{"line":665,"column":2},"end":{"line":665,"column":12}},"152":{"start":{"line":673,"column":21},"end":{"line":701,"column":1}},"153":{"start":{"line":678,"column":2},"end":{"line":688,"column":3}},"154":{"start":{"line":679,"column":4},"end":{"line":679,"column":31}},"155":{"start":{"line":681,"column":4},"end":{"line":686,"column":7}},"156":{"start":{"line":687,"column":4},"end":{"line":687,"column":74}},"157":{"start":{"line":690,"column":2},"end":{"line":698,"column":3}},"158":{"start":{"line":691,"column":4},"end":{"line":696,"column":7}},"159":{"start":{"line":697,"column":4},"end":{"line":697,"column":79}},"160":{"start":{"line":700,"column":2},"end":{"line":700,"column":17}},"161":{"start":{"line":708,"column":28},"end":{"line":751,"column":1}},"162":{"start":{"line":720,"column":18},"end":{"line":720,"column":22}},"163":{"start":{"line":723,"column":2},"end":{"line":748,"column":3}},"164":{"start":{"line":724,"column":4},"end":{"line":747,"column":5}},"165":{"start":{"line":725,"column":33},"end":{"line":732,"column":null}},"166":{"start":{"line":734,"column":6},"end":{"line":734,"column":37}},"167":{"start":{"line":734,"column":19},"end":{"line":734,"column":37}},"168":{"start":{"line":735,"column":6},"end":{"line":735,"column":26}},"169":{"start":{"line":737,"column":18},"end":{"line":737,"column":85}},"170":{"start":{"line":738,"column":6},"end":{"line":745,"column":9}},"171":{"start":{"line":746,"column":6},"end":{"line":746,"column":24}},"172":{"start":{"line":750,"column":2},"end":{"line":750,"column":35}},"173":{"start":{"line":757,"column":30},"end":{"line":776,"column":1}},"174":{"start":{"line":763,"column":2},"end":{"line":765,"column":3}},"175":{"start":{"line":764,"column":4},"end":{"line":764,"column":78}},"176":{"start":{"line":766,"column":2},"end":{"line":774,"column":3}},"177":{"start":{"line":767,"column":4},"end":{"line":773,"column":6}},"178":{"start":{"line":775,"column":2},"end":{"line":775,"column":68}},"179":{"start":{"line":783,"column":28},"end":{"line":807,"column":1}},"180":{"start":{"line":789,"column":2},"end":{"line":806,"column":3}},"181":{"start":{"line":790,"column":4},"end":{"line":790,"column":83}},"182":{"start":{"line":792,"column":16},"end":{"line":792,"column":83}},"183":{"start":{"line":793,"column":4},"end":{"line":801,"column":7}},"184":{"start":{"line":802,"column":4},"end":{"line":804,"column":5}},"185":{"start":{"line":803,"column":6},"end":{"line":803,"column":73}},"186":{"start":{"line":805,"column":4},"end":{"line":805,"column":50}},"187":{"start":{"line":831,"column":31},"end":{"line":862,"column":1}},"188":{"start":{"line":836,"column":22},"end":{"line":836,"column":43}},"189":{"start":{"line":837,"column":16},"end":{"line":837,"column":41}},"190":{"start":{"line":839,"column":2},"end":{"line":844,"column":5}},"191":{"start":{"line":847,"column":2},"end":{"line":859,"column":3}},"192":{"start":{"line":848,"column":4},"end":{"line":848,"column":50}},"193":{"start":{"line":850,"column":16},"end":{"line":850,"column":95}},"194":{"start":{"line":851,"column":4},"end":{"line":857,"column":7}},"195":{"start":{"line":858,"column":4},"end":{"line":858,"column":55}},"196":{"start":{"line":861,"column":2},"end":{"line":861,"column":70}},"197":{"start":{"line":831,"column":13},"end":{"line":831,"column":31}},"198":{"start":{"line":868,"column":25},"end":{"line":915,"column":1}},"199":{"start":{"line":875,"column":20},"end":{"line":875,"column":90}},"200":{"start":{"line":876,"column":2},"end":{"line":885,"column":3}},"201":{"start":{"line":877,"column":4},"end":{"line":883,"column":7}},"202":{"start":{"line":884,"column":4},"end":{"line":884,"column":60}},"203":{"start":{"line":889,"column":4},"end":{"line":889,"column":84}},"204":{"start":{"line":890,"column":2},"end":{"line":898,"column":3}},"205":{"start":{"line":891,"column":4},"end":{"line":896,"column":7}},"206":{"start":{"line":897,"column":4},"end":{"line":897,"column":76}},"207":{"start":{"line":902,"column":4},"end":{"line":902,"column":86}},"208":{"start":{"line":903,"column":2},"end":{"line":912,"column":3}},"209":{"start":{"line":904,"column":4},"end":{"line":910,"column":7}},"210":{"start":{"line":911,"column":4},"end":{"line":911,"column":60}},"211":{"start":{"line":914,"column":2},"end":{"line":914,"column":64}},"212":{"start":{"line":922,"column":22},"end":{"line":991,"column":1}},"213":{"start":{"line":928,"column":2},"end":{"line":990,"column":3}},"214":{"start":{"line":929,"column":27},"end":{"line":929,"column":66}},"215":{"start":{"line":930,"column":4},"end":{"line":930,"column":60}},"216":{"start":{"line":930,"column":38},"end":{"line":930,"column":60}},"217":{"start":{"line":931,"column":20},"end":{"line":931,"column":34}},"218":{"start":{"line":933,"column":17},"end":{"line":933,"column":45}},"219":{"start":{"line":934,"column":21},"end":{"line":934,"column":35}},"220":{"start":{"line":935,"column":19},"end":{"line":935,"column":33}},"221":{"start":{"line":936,"column":19},"end":{"line":936,"column":55}},"222":{"start":{"line":939,"column":4},"end":{"line":941,"column":5}},"223":{"start":{"line":940,"column":6},"end":{"line":940,"column":75}},"224":{"start":{"line":943,"column":4},"end":{"line":952,"column":7}},"225":{"start":{"line":955,"column":4},"end":{"line":958,"column":5}},"226":{"start":{"line":956,"column":21},"end":{"line":956,"column":48}},"227":{"start":{"line":957,"column":6},"end":{"line":957,"column":52}},"228":{"start":{"line":960,"column":21},"end":{"line":960,"column":56}},"229":{"start":{"line":961,"column":4},"end":{"line":970,"column":5}},"230":{"start":{"line":962,"column":6},"end":{"line":968,"column":9}},"231":{"start":{"line":969,"column":6},"end":{"line":969,"column":62}},"232":{"start":{"line":972,"column":4},"end":{"line":979,"column":6}},"233":{"start":{"line":981,"column":16},"end":{"line":981,"column":86}},"234":{"start":{"line":982,"column":4},"end":{"line":988,"column":7}},"235":{"start":{"line":989,"column":4},"end":{"line":989,"column":55}},"236":{"start":{"line":997,"column":27},"end":{"line":1006,"column":2}},"237":{"start":{"line":997,"column":75},"end":{"line":1006,"column":2}},"238":{"start":{"line":1013,"column":27},"end":{"line":1073,"column":1}},"239":{"start":{"line":1021,"column":2},"end":{"line":1072,"column":3}},"240":{"start":{"line":1022,"column":26},"end":{"line":1022,"column":87}},"241":{"start":{"line":1023,"column":4},"end":{"line":1023,"column":58}},"242":{"start":{"line":1023,"column":37},"end":{"line":1023,"column":58}},"243":{"start":{"line":1024,"column":19},"end":{"line":1024,"column":32}},"244":{"start":{"line":1027,"column":21},"end":{"line":1027,"column":50}},"245":{"start":{"line":1030,"column":4},"end":{"line":1040,"column":5}},"246":{"start":{"line":1031,"column":6},"end":{"line":1038,"column":9}},"247":{"start":{"line":1039,"column":6},"end":{"line":1039,"column":81}},"248":{"start":{"line":1043,"column":4},"end":{"line":1045,"column":5}},"249":{"start":{"line":1044,"column":6},"end":{"line":1044,"column":74}},"250":{"start":{"line":1048,"column":38},"end":{"line":1055,"column":null}},"251":{"start":{"line":1058,"column":4},"end":{"line":1058,"column":79}},"252":{"start":{"line":1060,"column":16},"end":{"line":1060,"column":86}},"253":{"start":{"line":1061,"column":4},"end":{"line":1067,"column":7}},"254":{"start":{"line":1068,"column":4},"end":{"line":1070,"column":5}},"255":{"start":{"line":1069,"column":6},"end":{"line":1069,"column":73}},"256":{"start":{"line":1071,"column":4},"end":{"line":1071,"column":50}}},"fnMap":{"0":{"name":"(anonymous_0)","decl":{"start":{"line":123,"column":12},"end":{"line":123,"column":13}},"loc":{"start":{"line":123,"column":48},"end":{"line":126,"column":1}}},"1":{"name":"(anonymous_1)","decl":{"start":{"line":136,"column":28},"end":{"line":136,"column":39}},"loc":{"start":{"line":136,"column":41},"end":{"line":140,"column":1}}},"2":{"name":"(anonymous_2)","decl":{"start":{"line":152,"column":35},"end":{"line":152,"column":36}},"loc":{"start":{"line":152,"column":96},"end":{"line":167,"column":1}}},"3":{"name":"(anonymous_3)","decl":{"start":{"line":179,"column":35},"end":{"line":179,"column":36}},"loc":{"start":{"line":179,"column":93},"end":{"line":189,"column":1}}},"4":{"name":"(anonymous_4)","decl":{"start":{"line":200,"column":23},"end":{"line":200,"column":24}},"loc":{"start":{"line":200,"column":90},"end":{"line":232,"column":1}}},"5":{"name":"(anonymous_5)","decl":{"start":{"line":250,"column":28},"end":{"line":250,"column":29}},"loc":{"start":{"line":250,"column":60},"end":{"line":265,"column":1}}},"6":{"name":"(anonymous_6)","decl":{"start":{"line":275,"column":24},"end":{"line":275,"column":25}},"loc":{"start":{"line":275,"column":81},"end":{"line":280,"column":1}}},"7":{"name":"(anonymous_7)","decl":{"start":{"line":287,"column":24},"end":{"line":287,"column":25}},"loc":{"start":{"line":287,"column":49},"end":{"line":296,"column":1}}},"8":{"name":"(anonymous_8)","decl":{"start":{"line":303,"column":25},"end":{"line":303,"column":26}},"loc":{"start":{"line":303,"column":71},"end":{"line":313,"column":1}}},"9":{"name":"(anonymous_9)","decl":{"start":{"line":324,"column":33},"end":{"line":324,"column":38}},"loc":{"start":{"line":329,"column":19},"end":{"line":349,"column":1}}},"10":{"name":"(anonymous_10)","decl":{"start":{"line":360,"column":29},"end":{"line":360,"column":null}},"loc":{"start":{"line":364,"column":27},"end":{"line":369,"column":2}}},"11":{"name":"(anonymous_11)","decl":{"start":{"line":376,"column":28},"end":{"line":376,"column":33}},"loc":{"start":{"line":382,"column":19},"end":{"line":406,"column":1}}},"12":{"name":"(anonymous_12)","decl":{"start":{"line":418,"column":22},"end":{"line":418,"column":23}},"loc":{"start":{"line":418,"column":79},"end":{"line":439,"column":1}}},"13":{"name":"(anonymous_13)","decl":{"start":{"line":449,"column":22},"end":{"line":449,"column":23}},"loc":{"start":{"line":449,"column":77},"end":{"line":452,"column":1}}},"14":{"name":"(anonymous_14)","decl":{"start":{"line":459,"column":25},"end":{"line":459,"column":26}},"loc":{"start":{"line":459,"column":70},"end":{"line":481,"column":1}}},"15":{"name":"(anonymous_15)","decl":{"start":{"line":471,"column":9},"end":{"line":471,"column":10}},"loc":{"start":{"line":471,"column":18},"end":{"line":471,"column":99}}},"16":{"name":"(anonymous_16)","decl":{"start":{"line":489,"column":28},"end":{"line":489,"column":33}},"loc":{"start":{"line":496,"column":19},"end":{"line":521,"column":1}}},"17":{"name":"(anonymous_17)","decl":{"start":{"line":527,"column":26},"end":{"line":527,"column":27}},"loc":{"start":{"line":527,"column":54},"end":{"line":530,"column":1}}},"18":{"name":"(anonymous_18)","decl":{"start":{"line":538,"column":23},"end":{"line":538,"column":28}},"loc":{"start":{"line":546,"column":86},"end":{"line":628,"column":1}}},"19":{"name":"(anonymous_19)","decl":{"start":{"line":635,"column":26},"end":{"line":635,"column":31}},"loc":{"start":{"line":638,"column":34},"end":{"line":656,"column":1}}},"20":{"name":"(anonymous_20)","decl":{"start":{"line":663,"column":17},"end":{"line":663,"column":28}},"loc":{"start":{"line":663,"column":30},"end":{"line":666,"column":1}}},"21":{"name":"(anonymous_21)","decl":{"start":{"line":673,"column":21},"end":{"line":673,"column":null}},"loc":{"start":{"line":676,"column":46},"end":{"line":701,"column":1}}},"22":{"name":"(anonymous_22)","decl":{"start":{"line":708,"column":28},"end":{"line":708,"column":33}},"loc":{"start":{"line":719,"column":5},"end":{"line":751,"column":1}}},"23":{"name":"(anonymous_23)","decl":{"start":{"line":757,"column":30},"end":{"line":757,"column":null}},"loc":{"start":{"line":762,"column":25},"end":{"line":776,"column":1}}},"24":{"name":"(anonymous_24)","decl":{"start":{"line":783,"column":28},"end":{"line":783,"column":33}},"loc":{"start":{"line":788,"column":49},"end":{"line":807,"column":1}}},"25":{"name":"(anonymous_25)","decl":{"start":{"line":831,"column":31},"end":{"line":831,"column":36}},"loc":{"start":{"line":835,"column":34},"end":{"line":862,"column":1}}},"26":{"name":"(anonymous_26)","decl":{"start":{"line":868,"column":25},"end":{"line":868,"column":30}},"loc":{"start":{"line":873,"column":34},"end":{"line":915,"column":1}}},"27":{"name":"(anonymous_27)","decl":{"start":{"line":922,"column":22},"end":{"line":922,"column":27}},"loc":{"start":{"line":927,"column":34},"end":{"line":991,"column":1}}},"28":{"name":"(anonymous_28)","decl":{"start":{"line":997,"column":27},"end":{"line":997,"column":28}},"loc":{"start":{"line":997,"column":75},"end":{"line":1006,"column":2}}},"29":{"name":"(anonymous_29)","decl":{"start":{"line":1013,"column":27},"end":{"line":1013,"column":32}},"loc":{"start":{"line":1020,"column":34},"end":{"line":1073,"column":1}}}},"branchMap":{"0":{"loc":{"start":{"line":153,"column":2},"end":{"line":155,"column":3}},"type":"if","locations":[{"start":{"line":153,"column":2},"end":{"line":155,"column":3}}]},"1":{"loc":{"start":{"line":153,"column":6},"end":{"line":153,"column":52}},"type":"binary-expr","locations":[{"start":{"line":153,"column":6},"end":{"line":153,"column":16}},{"start":{"line":153,"column":20},"end":{"line":153,"column":52}}]},"2":{"loc":{"start":{"line":162,"column":2},"end":{"line":164,"column":3}},"type":"if","locations":[{"start":{"line":162,"column":2},"end":{"line":164,"column":3}}]},"3":{"loc":{"start":{"line":181,"column":2},"end":{"line":183,"column":3}},"type":"if","locations":[{"start":{"line":181,"column":2},"end":{"line":183,"column":3}}]},"4":{"loc":{"start":{"line":181,"column":6},"end":{"line":181,"column":49}},"type":"binary-expr","locations":[{"start":{"line":181,"column":6},"end":{"line":181,"column":27}},{"start":{"line":181,"column":31},"end":{"line":181,"column":49}}]},"5":{"loc":{"start":{"line":185,"column":2},"end":{"line":187,"column":3}},"type":"if","locations":[{"start":{"line":185,"column":2},"end":{"line":187,"column":3}}]},"6":{"loc":{"start":{"line":185,"column":6},"end":{"line":185,"column":36}},"type":"binary-expr","locations":[{"start":{"line":185,"column":6},"end":{"line":185,"column":25}},{"start":{"line":185,"column":29},"end":{"line":185,"column":36}}]},"7":{"loc":{"start":{"line":204,"column":2},"end":{"line":206,"column":3}},"type":"if","locations":[{"start":{"line":204,"column":2},"end":{"line":206,"column":3}}]},"8":{"loc":{"start":{"line":209,"column":2},"end":{"line":209,"column":27}},"type":"if","locations":[{"start":{"line":209,"column":2},"end":{"line":209,"column":27}}]},"9":{"loc":{"start":{"line":212,"column":2},"end":{"line":214,"column":3}},"type":"if","locations":[{"start":{"line":212,"column":2},"end":{"line":214,"column":3}}]},"10":{"loc":{"start":{"line":216,"column":2},"end":{"line":227,"column":3}},"type":"if","locations":[{"start":{"line":216,"column":2},"end":{"line":227,"column":3}}]},"11":{"loc":{"start":{"line":254,"column":4},"end":{"line":256,"column":5}},"type":"if","locations":[{"start":{"line":254,"column":4},"end":{"line":256,"column":5}}]},"12":{"loc":{"start":{"line":259,"column":2},"end":{"line":261,"column":3}},"type":"if","locations":[{"start":{"line":259,"column":2},"end":{"line":261,"column":3}}]},"13":{"loc":{"start":{"line":276,"column":2},"end":{"line":278,"column":3}},"type":"if","locations":[{"start":{"line":276,"column":2},"end":{"line":278,"column":3}}]},"14":{"loc":{"start":{"line":276,"column":6},"end":{"line":276,"column":41}},"type":"binary-expr","locations":[{"start":{"line":276,"column":6},"end":{"line":276,"column":12}},{"start":{"line":276,"column":16},"end":{"line":276,"column":41}}]},"15":{"loc":{"start":{"line":288,"column":2},"end":{"line":288,"column":58}},"type":"if","locations":[{"start":{"line":288,"column":2},"end":{"line":288,"column":58}}]},"16":{"loc":{"start":{"line":288,"column":6},"end":{"line":288,"column":43}},"type":"binary-expr","locations":[{"start":{"line":288,"column":6},"end":{"line":288,"column":28}},{"start":{"line":288,"column":32},"end":{"line":288,"column":43}}]},"17":{"loc":{"start":{"line":290,"column":2},"end":{"line":290,"column":55}},"type":"if","locations":[{"start":{"line":290,"column":2},"end":{"line":290,"column":55}}]},"18":{"loc":{"start":{"line":291,"column":2},"end":{"line":291,"column":80}},"type":"if","locations":[{"start":{"line":291,"column":2},"end":{"line":291,"column":80}}]},"19":{"loc":{"start":{"line":291,"column":6},"end":{"line":291,"column":65}},"type":"binary-expr","locations":[{"start":{"line":291,"column":6},"end":{"line":291,"column":28}},{"start":{"line":291,"column":32},"end":{"line":291,"column":65}}]},"20":{"loc":{"start":{"line":293,"column":2},"end":{"line":293,"column":62}},"type":"if","locations":[{"start":{"line":293,"column":2},"end":{"line":293,"column":62}}]},"21":{"loc":{"start":{"line":293,"column":6},"end":{"line":293,"column":47}},"type":"binary-expr","locations":[{"start":{"line":293,"column":6},"end":{"line":293,"column":30}},{"start":{"line":293,"column":34},"end":{"line":293,"column":47}}]},"22":{"loc":{"start":{"line":294,"column":2},"end":{"line":294,"column":81}},"type":"if","locations":[{"start":{"line":294,"column":2},"end":{"line":294,"column":81}}]},"23":{"loc":{"start":{"line":304,"column":2},"end":{"line":304,"column":62}},"type":"if","locations":[{"start":{"line":304,"column":2},"end":{"line":304,"column":62}}]},"24":{"loc":{"start":{"line":304,"column":6},"end":{"line":304,"column":47}},"type":"binary-expr","locations":[{"start":{"line":304,"column":6},"end":{"line":304,"column":30}},{"start":{"line":304,"column":34},"end":{"line":304,"column":47}}]},"25":{"loc":{"start":{"line":306,"column":2},"end":{"line":306,"column":54}},"type":"if","locations":[{"start":{"line":306,"column":2},"end":{"line":306,"column":54}}]},"26":{"loc":{"start":{"line":307,"column":2},"end":{"line":307,"column":54}},"type":"if","locations":[{"start":{"line":307,"column":2},"end":{"line":307,"column":54}}]},"27":{"loc":{"start":{"line":308,"column":2},"end":{"line":308,"column":58}},"type":"if","locations":[{"start":{"line":308,"column":2},"end":{"line":308,"column":58}}]},"28":{"loc":{"start":{"line":310,"column":2},"end":{"line":310,"column":62}},"type":"if","locations":[{"start":{"line":310,"column":2},"end":{"line":310,"column":62}}]},"29":{"loc":{"start":{"line":310,"column":6},"end":{"line":310,"column":47}},"type":"binary-expr","locations":[{"start":{"line":310,"column":6},"end":{"line":310,"column":30}},{"start":{"line":310,"column":34},"end":{"line":310,"column":47}}]},"30":{"loc":{"start":{"line":311,"column":2},"end":{"line":311,"column":87}},"type":"if","locations":[{"start":{"line":311,"column":2},"end":{"line":311,"column":87}}]},"31":{"loc":{"start":{"line":339,"column":16},"end":{"line":339,"column":81}},"type":"cond-expr","locations":[{"start":{"line":339,"column":39},"end":{"line":339,"column":50}},{"start":{"line":339,"column":53},"end":{"line":339,"column":81}}]},"32":{"loc":{"start":{"line":395,"column":16},"end":{"line":395,"column":94}},"type":"cond-expr","locations":[{"start":{"line":395,"column":48},"end":{"line":395,"column":68}},{"start":{"line":395,"column":71},"end":{"line":395,"column":94}}]},"33":{"loc":{"start":{"line":430,"column":16},"end":{"line":430,"column":94}},"type":"cond-expr","locations":[{"start":{"line":430,"column":48},"end":{"line":430,"column":68}},{"start":{"line":430,"column":71},"end":{"line":430,"column":94}}]},"34":{"loc":{"start":{"line":450,"column":2},"end":{"line":450,"column":36}},"type":"if","locations":[{"start":{"line":450,"column":2},"end":{"line":450,"column":36}}]},"35":{"loc":{"start":{"line":471,"column":41},"end":{"line":471,"column":97}},"type":"cond-expr","locations":[{"start":{"line":471,"column":58},"end":{"line":471,"column":92}},{"start":{"line":471,"column":95},"end":{"line":471,"column":97}}]},"36":{"loc":{"start":{"line":476,"column":2},"end":{"line":478,"column":3}},"type":"if","locations":[{"start":{"line":476,"column":2},"end":{"line":478,"column":3}}]},"37":{"loc":{"start":{"line":497,"column":2},"end":{"line":520,"column":3}},"type":"if","locations":[{"start":{"line":497,"column":2},"end":{"line":520,"column":3}},{"start":{"line":509,"column":9},"end":{"line":520,"column":3}}]},"38":{"loc":{"start":{"line":529,"column":9},"end":{"line":529,"column":66}},"type":"cond-expr","locations":[{"start":{"line":529,"column":25},"end":{"line":529,"column":56}},{"start":{"line":529,"column":59},"end":{"line":529,"column":66}}]},"39":{"loc":{"start":{"line":551,"column":2},"end":{"line":611,"column":3}},"type":"if","locations":[{"start":{"line":551,"column":2},"end":{"line":611,"column":3}}]},"40":{"loc":{"start":{"line":654,"column":6},"end":{"line":654,"column":97}},"type":"cond-expr","locations":[{"start":{"line":654,"column":24},"end":{"line":654,"column":68}},{"start":{"line":654,"column":71},"end":{"line":654,"column":97}}]},"41":{"loc":{"start":{"line":690,"column":2},"end":{"line":698,"column":3}},"type":"if","locations":[{"start":{"line":690,"column":2},"end":{"line":698,"column":3}}]},"42":{"loc":{"start":{"line":734,"column":6},"end":{"line":734,"column":37}},"type":"if","locations":[{"start":{"line":734,"column":6},"end":{"line":734,"column":37}}]},"43":{"loc":{"start":{"line":737,"column":18},"end":{"line":737,"column":85}},"type":"cond-expr","locations":[{"start":{"line":737,"column":47},"end":{"line":737,"column":64}},{"start":{"line":737,"column":67},"end":{"line":737,"column":85}}]},"44":{"loc":{"start":{"line":763,"column":2},"end":{"line":765,"column":3}},"type":"if","locations":[{"start":{"line":763,"column":2},"end":{"line":765,"column":3}}]},"45":{"loc":{"start":{"line":763,"column":6},"end":{"line":763,"column":29}},"type":"binary-expr","locations":[{"start":{"line":763,"column":6},"end":{"line":763,"column":15}},{"start":{"line":763,"column":19},"end":{"line":763,"column":29}}]},"46":{"loc":{"start":{"line":766,"column":2},"end":{"line":774,"column":3}},"type":"if","locations":[{"start":{"line":766,"column":2},"end":{"line":774,"column":3}}]},"47":{"loc":{"start":{"line":792,"column":16},"end":{"line":792,"column":83}},"type":"cond-expr","locations":[{"start":{"line":792,"column":46},"end":{"line":792,"column":64}},{"start":{"line":792,"column":67},"end":{"line":792,"column":83}}]},"48":{"loc":{"start":{"line":802,"column":4},"end":{"line":804,"column":5}},"type":"if","locations":[{"start":{"line":802,"column":4},"end":{"line":804,"column":5}}]},"49":{"loc":{"start":{"line":837,"column":16},"end":{"line":837,"column":41}},"type":"binary-expr","locations":[{"start":{"line":837,"column":16},"end":{"line":837,"column":27}},{"start":{"line":837,"column":31},"end":{"line":837,"column":41}}]},"50":{"loc":{"start":{"line":850,"column":16},"end":{"line":850,"column":95}},"type":"cond-expr","locations":[{"start":{"line":850,"column":51},"end":{"line":850,"column":74}},{"start":{"line":850,"column":77},"end":{"line":850,"column":95}}]},"51":{"loc":{"start":{"line":875,"column":20},"end":{"line":875,"column":90}},"type":"binary-expr","locations":[{"start":{"line":875,"column":20},"end":{"line":875,"column":53}},{"start":{"line":875,"column":57},"end":{"line":875,"column":90}}]},"52":{"loc":{"start":{"line":876,"column":2},"end":{"line":885,"column":3}},"type":"if","locations":[{"start":{"line":876,"column":2},"end":{"line":885,"column":3}}]},"53":{"loc":{"start":{"line":889,"column":4},"end":{"line":889,"column":84}},"type":"binary-expr","locations":[{"start":{"line":889,"column":4},"end":{"line":889,"column":42}},{"start":{"line":889,"column":46},"end":{"line":889,"column":84}}]},"54":{"loc":{"start":{"line":890,"column":2},"end":{"line":898,"column":3}},"type":"if","locations":[{"start":{"line":890,"column":2},"end":{"line":898,"column":3}}]},"55":{"loc":{"start":{"line":890,"column":41},"end":{"line":890,"column":56}},"type":"binary-expr","locations":[{"start":{"line":890,"column":41},"end":{"line":890,"column":50}},{"start":{"line":890,"column":54},"end":{"line":890,"column":56}}]},"56":{"loc":{"start":{"line":902,"column":4},"end":{"line":902,"column":86}},"type":"binary-expr","locations":[{"start":{"line":902,"column":4},"end":{"line":902,"column":40}},{"start":{"line":902,"column":44},"end":{"line":902,"column":80}},{"start":{"line":902,"column":84},"end":{"line":902,"column":86}}]},"57":{"loc":{"start":{"line":903,"column":2},"end":{"line":912,"column":3}},"type":"if","locations":[{"start":{"line":903,"column":2},"end":{"line":912,"column":3}}]},"58":{"loc":{"start":{"line":903,"column":6},"end":{"line":903,"column":51}},"type":"binary-expr","locations":[{"start":{"line":903,"column":6},"end":{"line":903,"column":16}},{"start":{"line":903,"column":20},"end":{"line":903,"column":51}}]},"59":{"loc":{"start":{"line":930,"column":4},"end":{"line":930,"column":60}},"type":"if","locations":[{"start":{"line":930,"column":4},"end":{"line":930,"column":60}}]},"60":{"loc":{"start":{"line":936,"column":19},"end":{"line":936,"column":55}},"type":"binary-expr","locations":[{"start":{"line":936,"column":19},"end":{"line":936,"column":46}},{"start":{"line":936,"column":50},"end":{"line":936,"column":55}}]},"61":{"loc":{"start":{"line":939,"column":4},"end":{"line":941,"column":5}},"type":"if","locations":[{"start":{"line":939,"column":4},"end":{"line":941,"column":5}}]},"62":{"loc":{"start":{"line":939,"column":8},"end":{"line":939,"column":68}},"type":"binary-expr","locations":[{"start":{"line":939,"column":8},"end":{"line":939,"column":18}},{"start":{"line":939,"column":22},"end":{"line":939,"column":68}}]},"63":{"loc":{"start":{"line":955,"column":4},"end":{"line":958,"column":5}},"type":"if","locations":[{"start":{"line":955,"column":4},"end":{"line":958,"column":5}}]},"64":{"loc":{"start":{"line":961,"column":4},"end":{"line":970,"column":5}},"type":"if","locations":[{"start":{"line":961,"column":4},"end":{"line":970,"column":5}}]},"65":{"loc":{"start":{"line":981,"column":16},"end":{"line":981,"column":86}},"type":"cond-expr","locations":[{"start":{"line":981,"column":48},"end":{"line":981,"column":68}},{"start":{"line":981,"column":71},"end":{"line":981,"column":86}}]},"66":{"loc":{"start":{"line":1000,"column":8},"end":{"line":1000,"column":39}},"type":"binary-expr","locations":[{"start":{"line":1000,"column":8},"end":{"line":1000,"column":33}},{"start":{"line":1000,"column":37},"end":{"line":1000,"column":39}}]},"67":{"loc":{"start":{"line":1023,"column":4},"end":{"line":1023,"column":58}},"type":"if","locations":[{"start":{"line":1023,"column":4},"end":{"line":1023,"column":58}}]},"68":{"loc":{"start":{"line":1030,"column":4},"end":{"line":1040,"column":5}},"type":"if","locations":[{"start":{"line":1030,"column":4},"end":{"line":1040,"column":5}}]},"69":{"loc":{"start":{"line":1043,"column":4},"end":{"line":1045,"column":5}},"type":"if","locations":[{"start":{"line":1043,"column":4},"end":{"line":1045,"column":5}}]},"70":{"loc":{"start":{"line":1060,"column":16},"end":{"line":1060,"column":86}},"type":"cond-expr","locations":[{"start":{"line":1060,"column":48},"end":{"line":1060,"column":68}},{"start":{"line":1060,"column":71},"end":{"line":1060,"column":86}}]},"71":{"loc":{"start":{"line":1068,"column":4},"end":{"line":1070,"column":5}},"type":"if","locations":[{"start":{"line":1068,"column":4},"end":{"line":1070,"column":5}}]}},"s":{"0":0,"1":0,"2":0,"3":0,"4":0,"5":0,"6":0,"7":0,"8":0,"9":0,"10":0,"11":0,"12":0,"13":0,"14":0,"15":0,"16":0,"17":0,"18":0,"19":0,"20":0,"21":0,"22":0,"23":0,"24":0,"25":0,"26":0,"27":0,"28":0,"29":0,"30":0,"31":0,"32":0,"33":0,"34":0,"35":0,"36":0,"37":0,"38":0,"39":0,"40":0,"41":0,"42":0,"43":0,"44":0,"45":0,"46":0,"47":0,"48":0,"49":0,"50":0,"51":0,"52":0,"53":0,"54":0,"55":0,"56":0,"57":0,"58":0,"59":0,"60":0,"61":0,"62":0,"63":0,"64":0,"65":0,"66":0,"67":0,"68":0,"69":0,"70":0,"71":0,"72":0,"73":0,"74":0,"75":0,"76":0,"77":0,"78":0,"79":0,"80":0,"81":0,"82":0,"83":0,"84":0,"85":0,"86":0,"87":0,"88":0,"89":0,"90":0,"91":0,"92":0,"93":0,"94":0,"95":0,"96":0,"97":0,"98":0,"99":0,"100":0,"101":0,"102":0,"103":0,"104":0,"105":0,"106":0,"107":0,"108":0,"109":0,"110":0,"111":0,"112":0,"113":0,"114":0,"115":0,"116":0,"117":0,"118":0,"119":0,"120":0,"121":0,"122":0,"123":0,"124":0,"125":0,"126":0,"127":0,"128":0,"129":0,"130":0,"131":0,"132":0,"133":0,"134":0,"135":0,"136":0,"137":0,"138":0,"139":0,"140":0,"141":0,"142":0,"143":0,"144":0,"145":0,"146":0,"147":0,"148":0,"149":0,"150":0,"151":0,"152":0,"153":0,"154":0,"155":0,"156":0,"157":0,"158":0,"159":0,"160":0,"161":0,"162":0,"163":0,"164":0,"165":0,"166":0,"167":0,"168":0,"169":0,"170":0,"171":0,"172":0,"173":0,"174":0,"175":0,"176":0,"177":0,"178":0,"179":0,"180":0,"181":0,"182":0,"183":0,"184":0,"185":0,"186":0,"187":0,"188":0,"189":0,"190":0,"191":0,"192":0,"193":0,"194":0,"195":0,"196":0,"197":0,"198":0,"199":0,"200":0,"201":0,"202":0,"203":0,"204":0,"205":0,"206":0,"207":0,"208":0,"209":0,"210":0,"211":0,"212":0,"213":0,"214":0,"215":0,"216":0,"217":0,"218":0,"219":0,"220":0,"221":0,"222":0,"223":0,"224":0,"225":0,"226":0,"227":0,"228":0,"229":0,"230":0,"231":0,"232":0,"233":0,"234":0,"235":0,"236":0,"237":0,"238":0,"239":0,"240":0,"241":0,"242":0,"243":0,"244":0,"245":0,"246":0,"247":0,"248":0,"249":0,"250":0,"251":0,"252":0,"253":0,"254":0,"255":0,"256":0},"f":{"0":0,"1":0,"2":0,"3":0,"4":0,"5":0,"6":0,"7":0,"8":0,"9":0,"10":0,"11":0,"12":0,"13":0,"14":0,"15":0,"16":0,"17":0,"18":0,"19":0,"20":0,"21":0,"22":0,"23":0,"24":0,"25":0,"26":0,"27":0,"28":0,"29":0},"b":{"0":[0],"1":[0,0],"2":[0],"3":[0],"4":[0,0],"5":[0],"6":[0,0],"7":[0],"8":[0],"9":[0],"10":[0],"11":[0],"12":[0],"13":[0],"14":[0,0],"15":[0],"16":[0,0],"17":[0],"18":[0],"19":[0,0],"20":[0],"21":[0,0],"22":[0],"23":[0],"24":[0,0],"25":[0],"26":[0],"27":[0],"28":[0],"29":[0,0],"30":[0],"31":[0,0],"32":[0,0],"33":[0,0],"34":[0],"35":[0,0],"36":[0],"37":[0,0],"38":[0,0],"39":[0],"40":[0,0],"41":[0],"42":[0],"43":[0,0],"44":[0],"45":[0,0],"46":[0],"47":[0,0],"48":[0],"49":[0,0],"50":[0,0],"51":[0,0],"52":[0],"53":[0,0],"54":[0],"55":[0,0],"56":[0,0,0],"57":[0],"58":[0,0],"59":[0],"60":[0,0],"61":[0],"62":[0,0],"63":[0],"64":[0],"65":[0,0],"66":[0,0],"67":[0],"68":[0],"69":[0],"70":[0,0],"71":[0]}}
,"/Users/kepa.cantero/Projects/rovo-execution-guard/src/backend/resolvers/index.ts": {"path":"/Users/kepa.cantero/Projects/rovo-execution-guard/src/backend/resolvers/index.ts","statementMap":{"0":{"start":{"line":14,"column":0},"end":{"line":14,"column":39}},"1":{"start":{"line":20,"column":0},"end":{"line":20,"column":43}},"2":{"start":{"line":22,"column":0},"end":{"line":22,"column":87}},"3":{"start":{"line":23,"column":0},"end":{"line":23,"column":83}},"4":{"start":{"line":24,"column":0},"end":{"line":24,"column":96}},"5":{"start":{"line":25,"column":0},"end":{"line":25,"column":null}},"6":{"start":{"line":29,"column":0},"end":{"line":29,"column":99}},"7":{"start":{"line":30,"column":0},"end":{"line":30,"column":59}},"8":{"start":{"line":79,"column":28},"end":{"line":79,"column":33}},"9":{"start":{"line":82,"column":46},"end":{"line":86,"column":2}},"10":{"start":{"line":89,"column":46},"end":{"line":92,"column":11}},"11":{"start":{"line":95,"column":28},"end":{"line":95,"column":31}},"12":{"start":{"line":106,"column":12},"end":{"line":109,"column":1}},"13":{"start":{"line":108,"column":2},"end":{"line":108,"column":37}},"14":{"start":{"line":116,"column":28},"end":{"line":120,"column":1}},"15":{"start":{"line":117,"column":20},"end":{"line":117,"column":43}},"16":{"start":{"line":118,"column":17},"end":{"line":118,"column":60}},"17":{"start":{"line":119,"column":2},"end":{"line":119,"column":38}},"18":{"start":{"line":130,"column":24},"end":{"line":135,"column":1}},"19":{"start":{"line":131,"column":2},"end":{"line":133,"column":3}},"20":{"start":{"line":132,"column":4},"end":{"line":132,"column":86}},"21":{"start":{"line":134,"column":2},"end":{"line":134,"column":22}},"22":{"start":{"line":141,"column":17},"end":{"line":143,"column":46}},"23":{"start":{"line":143,"column":2},"end":{"line":143,"column":46}},"24":{"start":{"line":149,"column":22},"end":{"line":158,"column":1}},"25":{"start":{"line":150,"column":14},"end":{"line":150,"column":48}},"26":{"start":{"line":151,"column":2},"end":{"line":156,"column":3}},"27":{"start":{"line":152,"column":4},"end":{"line":155,"column":6}},"28":{"start":{"line":157,"column":2},"end":{"line":157,"column":25}},"29":{"start":{"line":164,"column":19},"end":{"line":171,"column":1}},"30":{"start":{"line":165,"column":2},"end":{"line":165,"column":62}},"31":{"start":{"line":165,"column":45},"end":{"line":165,"column":62}},"32":{"start":{"line":166,"column":14},"end":{"line":166,"column":27}},"33":{"start":{"line":167,"column":2},"end":{"line":169,"column":3}},"34":{"start":{"line":168,"column":4},"end":{"line":168,"column":79}},"35":{"start":{"line":170,"column":2},"end":{"line":170,"column":44}},"36":{"start":{"line":182,"column":33},"end":{"line":203,"column":1}},"37":{"start":{"line":185,"column":16},"end":{"line":185,"column":51}},"38":{"start":{"line":187,"column":2},"end":{"line":202,"column":4}},"39":{"start":{"line":188,"column":16},"end":{"line":188,"column":26}},"40":{"start":{"line":189,"column":18},"end":{"line":189,"column":38}},"41":{"start":{"line":191,"column":4},"end":{"line":194,"column":5}},"42":{"start":{"line":192,"column":6},"end":{"line":192,"column":59}},"43":{"start":{"line":193,"column":6},"end":{"line":193,"column":18}},"44":{"start":{"line":196,"column":4},"end":{"line":198,"column":5}},"45":{"start":{"line":197,"column":6},"end":{"line":197,"column":19}},"46":{"start":{"line":200,"column":4},"end":{"line":200,"column":85}},"47":{"start":{"line":201,"column":4},"end":{"line":201,"column":16}},"48":{"start":{"line":182,"column":13},"end":{"line":182,"column":33}},"49":{"start":{"line":213,"column":25},"end":{"line":213,"column":95}},"50":{"start":{"line":213,"column":63},"end":{"line":213,"column":95}},"51":{"start":{"line":219,"column":29},"end":{"line":225,"column":1}},"52":{"start":{"line":220,"column":2},"end":{"line":222,"column":3}},"53":{"start":{"line":221,"column":4},"end":{"line":221,"column":92}},"54":{"start":{"line":231,"column":28},"end":{"line":235,"column":1}},"55":{"start":{"line":232,"column":2},"end":{"line":234,"column":3}},"56":{"start":{"line":233,"column":4},"end":{"line":233,"column":71}},"57":{"start":{"line":242,"column":16},"end":{"line":246,"column":2}},"58":{"start":{"line":242,"column":75},"end":{"line":246,"column":2}},"59":{"start":{"line":249,"column":16},"end":{"line":253,"column":2}},"60":{"start":{"line":249,"column":82},"end":{"line":253,"column":2}},"61":{"start":{"line":264,"column":34},"end":{"line":286,"column":1}},"62":{"start":{"line":269,"column":19},"end":{"line":269,"column":74}},"63":{"start":{"line":270,"column":20},"end":{"line":270,"column":45}},"64":{"start":{"line":271,"column":2},"end":{"line":271,"column":33}},"65":{"start":{"line":273,"column":2},"end":{"line":279,"column":5}},"66":{"start":{"line":281,"column":17},"end":{"line":281,"column":80}},"67":{"start":{"line":282,"column":30},"end":{"line":282,"column":40}},"68":{"start":{"line":283,"column":16},"end":{"line":283,"column":37}},"69":{"start":{"line":285,"column":2},"end":{"line":285,"column":37}},"70":{"start":{"line":293,"column":33},"end":{"line":314,"column":1}},"71":{"start":{"line":298,"column":19},"end":{"line":298,"column":74}},"72":{"start":{"line":299,"column":20},"end":{"line":299,"column":45}},"73":{"start":{"line":300,"column":2},"end":{"line":300,"column":33}},"74":{"start":{"line":302,"column":2},"end":{"line":308,"column":5}},"75":{"start":{"line":310,"column":17},"end":{"line":310,"column":80}},"76":{"start":{"line":311,"column":26},"end":{"line":311,"column":55}},"77":{"start":{"line":313,"column":2},"end":{"line":313,"column":52}},"78":{"start":{"line":320,"column":35},"end":{"line":356,"column":1}},"79":{"start":{"line":325,"column":19},"end":{"line":325,"column":74}},"80":{"start":{"line":326,"column":19},"end":{"line":326,"column":50}},"81":{"start":{"line":327,"column":20},"end":{"line":327,"column":45}},"82":{"start":{"line":328,"column":2},"end":{"line":328,"column":33}},"83":{"start":{"line":330,"column":2},"end":{"line":337,"column":5}},"84":{"start":{"line":339,"column":17},"end":{"line":339,"column":80}},"85":{"start":{"line":340,"column":21},"end":{"line":340,"column":49}},"86":{"start":{"line":341,"column":17},"end":{"line":341,"column":85}},"87":{"start":{"line":342,"column":30},"end":{"line":342,"column":40}},"88":{"start":{"line":343,"column":16},"end":{"line":343,"column":37}},"89":{"start":{"line":344,"column":26},"end":{"line":344,"column":55}},"90":{"start":{"line":346,"column":41},"end":{"line":351,"column":4}},"91":{"start":{"line":353,"column":21},"end":{"line":353,"column":54}},"92":{"start":{"line":355,"column":2},"end":{"line":355,"column":42}},"93":{"start":{"line":362,"column":31},"end":{"line":382,"column":1}},"94":{"start":{"line":367,"column":21},"end":{"line":367,"column":80}},"95":{"start":{"line":368,"column":20},"end":{"line":368,"column":45}},"96":{"start":{"line":369,"column":2},"end":{"line":369,"column":33}},"97":{"start":{"line":371,"column":2},"end":{"line":377,"column":5}},"98":{"start":{"line":379,"column":17},"end":{"line":379,"column":85}},"99":{"start":{"line":381,"column":2},"end":{"line":381,"column":38}},"100":{"start":{"line":389,"column":34},"end":{"line":445,"column":1}},"101":{"start":{"line":394,"column":21},"end":{"line":394,"column":80}},"102":{"start":{"line":395,"column":20},"end":{"line":395,"column":45}},"103":{"start":{"line":396,"column":2},"end":{"line":396,"column":46}},"104":{"start":{"line":398,"column":2},"end":{"line":400,"column":3}},"105":{"start":{"line":399,"column":4},"end":{"line":399,"column":71}},"106":{"start":{"line":402,"column":23},"end":{"line":402,"column":74}},"107":{"start":{"line":404,"column":2},"end":{"line":411,"column":5}},"108":{"start":{"line":415,"column":24},"end":{"line":415,"column":92}},"109":{"start":{"line":416,"column":38},"end":{"line":430,"column":4}},"110":{"start":{"line":432,"column":2},"end":{"line":432,"column":74}},"111":{"start":{"line":435,"column":2},"end":{"line":442,"column":5}},"112":{"start":{"line":444,"column":2},"end":{"line":444,"column":41}},"113":{"start":{"line":451,"column":26},"end":{"line":475,"column":1}},"114":{"start":{"line":456,"column":21},"end":{"line":456,"column":80}},"115":{"start":{"line":457,"column":16},"end":{"line":457,"column":41}},"116":{"start":{"line":458,"column":20},"end":{"line":458,"column":45}},"117":{"start":{"line":459,"column":2},"end":{"line":459,"column":33}},"118":{"start":{"line":461,"column":2},"end":{"line":468,"column":5}},"119":{"start":{"line":472,"column":35},"end":{"line":472,"column":37}},"120":{"start":{"line":474,"column":2},"end":{"line":474,"column":87}},"121":{"start":{"line":482,"column":27},"end":{"line":526,"column":1}},"122":{"start":{"line":487,"column":19},"end":{"line":487,"column":74}},"123":{"start":{"line":488,"column":20},"end":{"line":488,"column":45}},"124":{"start":{"line":489,"column":2},"end":{"line":489,"column":44}},"125":{"start":{"line":491,"column":2},"end":{"line":497,"column":5}},"126":{"start":{"line":499,"column":21},"end":{"line":499,"column":49}},"127":{"start":{"line":501,"column":2},"end":{"line":513,"column":3}},"128":{"start":{"line":502,"column":4},"end":{"line":502,"column":77}},"129":{"start":{"line":504,"column":16},"end":{"line":504,"column":83}},"130":{"start":{"line":505,"column":4},"end":{"line":512,"column":7}},"131":{"start":{"line":516,"column":2},"end":{"line":523,"column":5}},"132":{"start":{"line":525,"column":2},"end":{"line":525,"column":41}},"133":{"start":{"line":532,"column":31},"end":{"line":560,"column":1}},"134":{"start":{"line":537,"column":19},"end":{"line":537,"column":74}},"135":{"start":{"line":538,"column":20},"end":{"line":538,"column":45}},"136":{"start":{"line":539,"column":2},"end":{"line":539,"column":44}},"137":{"start":{"line":541,"column":2},"end":{"line":547,"column":5}},"138":{"start":{"line":549,"column":21},"end":{"line":549,"column":49}},"139":{"start":{"line":550,"column":17},"end":{"line":550,"column":85}},"140":{"start":{"line":552,"column":43},"end":{"line":556,"column":null}},"141":{"start":{"line":559,"column":2},"end":{"line":559,"column":44}},"142":{"start":{"line":579,"column":64},"end":{"line":588,"column":11}},"143":{"start":{"line":596,"column":20},"end":{"line":641,"column":1}},"144":{"start":{"line":603,"column":2},"end":{"line":640,"column":4}},"145":{"start":{"line":604,"column":24},"end":{"line":604,"column":45}},"146":{"start":{"line":605,"column":22},"end":{"line":605,"column":51}},"147":{"start":{"line":608,"column":4},"end":{"line":617,"column":5}},"148":{"start":{"line":609,"column":6},"end":{"line":615,"column":9}},"149":{"start":{"line":616,"column":6},"end":{"line":616,"column":57}},"150":{"start":{"line":619,"column":4},"end":{"line":625,"column":7}},"151":{"start":{"line":627,"column":4},"end":{"line":639,"column":5}},"152":{"start":{"line":628,"column":6},"end":{"line":628,"column":77}},"153":{"start":{"line":630,"column":22},"end":{"line":630,"column":78}},"154":{"start":{"line":631,"column":6},"end":{"line":637,"column":9}},"155":{"start":{"line":638,"column":6},"end":{"line":638,"column":43}},"156":{"start":{"line":649,"column":33},"end":{"line":663,"column":1}},"157":{"start":{"line":650,"column":27},"end":{"line":650,"column":41}},"158":{"start":{"line":651,"column":22},"end":{"line":651,"column":59}},"159":{"start":{"line":653,"column":2},"end":{"line":655,"column":3}},"160":{"start":{"line":654,"column":4},"end":{"line":654,"column":83}},"161":{"start":{"line":657,"column":2},"end":{"line":662,"column":5}},"162":{"start":{"line":649,"column":13},"end":{"line":649,"column":33}}},"fnMap":{"0":{"name":"(anonymous_1)","decl":{"start":{"line":106,"column":12},"end":{"line":106,"column":13}},"loc":{"start":{"line":106,"column":48},"end":{"line":109,"column":1}}},"1":{"name":"(anonymous_2)","decl":{"start":{"line":116,"column":28},"end":{"line":116,"column":39}},"loc":{"start":{"line":116,"column":41},"end":{"line":120,"column":1}}},"2":{"name":"(anonymous_3)","decl":{"start":{"line":130,"column":24},"end":{"line":130,"column":25}},"loc":{"start":{"line":130,"column":70},"end":{"line":135,"column":1}}},"3":{"name":"(anonymous_4)","decl":{"start":{"line":141,"column":17},"end":{"line":141,"column":18}},"loc":{"start":{"line":143,"column":2},"end":{"line":143,"column":46}}},"4":{"name":"(anonymous_5)","decl":{"start":{"line":149,"column":22},"end":{"line":149,"column":23}},"loc":{"start":{"line":149,"column":51},"end":{"line":158,"column":1}}},"5":{"name":"(anonymous_6)","decl":{"start":{"line":164,"column":19},"end":{"line":164,"column":20}},"loc":{"start":{"line":164,"column":58},"end":{"line":171,"column":1}}},"6":{"name":"(anonymous_7)","decl":{"start":{"line":182,"column":33},"end":{"line":182,"column":null}},"loc":{"start":{"line":184,"column":38},"end":{"line":203,"column":1}}},"7":{"name":"(anonymous_8)","decl":{"start":{"line":187,"column":9},"end":{"line":187,"column":10}},"loc":{"start":{"line":187,"column":40},"end":{"line":202,"column":3}}},"8":{"name":"(anonymous_9)","decl":{"start":{"line":213,"column":25},"end":{"line":213,"column":26}},"loc":{"start":{"line":213,"column":63},"end":{"line":213,"column":95}}},"9":{"name":"(anonymous_10)","decl":{"start":{"line":219,"column":29},"end":{"line":219,"column":30}},"loc":{"start":{"line":219,"column":76},"end":{"line":225,"column":1}}},"10":{"name":"(anonymous_11)","decl":{"start":{"line":231,"column":28},"end":{"line":231,"column":29}},"loc":{"start":{"line":231,"column":56},"end":{"line":235,"column":1}}},"11":{"name":"(anonymous_12)","decl":{"start":{"line":242,"column":16},"end":{"line":242,"column":20}},"loc":{"start":{"line":242,"column":75},"end":{"line":246,"column":2}}},"12":{"name":"(anonymous_13)","decl":{"start":{"line":249,"column":16},"end":{"line":249,"column":17}},"loc":{"start":{"line":249,"column":82},"end":{"line":253,"column":2}}},"13":{"name":"(anonymous_14)","decl":{"start":{"line":264,"column":34},"end":{"line":264,"column":39}},"loc":{"start":{"line":268,"column":49},"end":{"line":286,"column":1}}},"14":{"name":"(anonymous_15)","decl":{"start":{"line":293,"column":33},"end":{"line":293,"column":38}},"loc":{"start":{"line":297,"column":48},"end":{"line":314,"column":1}}},"15":{"name":"(anonymous_16)","decl":{"start":{"line":320,"column":35},"end":{"line":320,"column":40}},"loc":{"start":{"line":324,"column":50},"end":{"line":356,"column":1}}},"16":{"name":"(anonymous_17)","decl":{"start":{"line":362,"column":31},"end":{"line":362,"column":36}},"loc":{"start":{"line":366,"column":46},"end":{"line":382,"column":1}}},"17":{"name":"(anonymous_18)","decl":{"start":{"line":389,"column":34},"end":{"line":389,"column":39}},"loc":{"start":{"line":393,"column":37},"end":{"line":445,"column":1}}},"18":{"name":"(anonymous_19)","decl":{"start":{"line":451,"column":26},"end":{"line":451,"column":31}},"loc":{"start":{"line":455,"column":48},"end":{"line":475,"column":1}}},"19":{"name":"(anonymous_20)","decl":{"start":{"line":482,"column":27},"end":{"line":482,"column":32}},"loc":{"start":{"line":486,"column":37},"end":{"line":526,"column":1}}},"20":{"name":"(anonymous_21)","decl":{"start":{"line":532,"column":31},"end":{"line":532,"column":36}},"loc":{"start":{"line":536,"column":49},"end":{"line":560,"column":1}}},"21":{"name":"(anonymous_22)","decl":{"start":{"line":596,"column":20},"end":{"line":596,"column":null}},"loc":{"start":{"line":602,"column":44},"end":{"line":641,"column":1}}},"22":{"name":"(anonymous_23)","decl":{"start":{"line":603,"column":9},"end":{"line":603,"column":14}},"loc":{"start":{"line":603,"column":23},"end":{"line":640,"column":3}}},"23":{"name":"(anonymous_24)","decl":{"start":{"line":649,"column":33},"end":{"line":649,"column":42}},"loc":{"start":{"line":649,"column":44},"end":{"line":663,"column":1}}}},"branchMap":{"0":{"loc":{"start":{"line":131,"column":2},"end":{"line":133,"column":3}},"type":"if","locations":[{"start":{"line":131,"column":2},"end":{"line":133,"column":3}}]},"1":{"loc":{"start":{"line":131,"column":6},"end":{"line":131,"column":60}},"type":"binary-expr","locations":[{"start":{"line":131,"column":6},"end":{"line":131,"column":31}},{"start":{"line":131,"column":35},"end":{"line":131,"column":60}}]},"2":{"loc":{"start":{"line":151,"column":2},"end":{"line":156,"column":3}},"type":"if","locations":[{"start":{"line":151,"column":2},"end":{"line":156,"column":3}}]},"3":{"loc":{"start":{"line":165,"column":2},"end":{"line":165,"column":62}},"type":"if","locations":[{"start":{"line":165,"column":2},"end":{"line":165,"column":62}}]},"4":{"loc":{"start":{"line":165,"column":6},"end":{"line":165,"column":43}},"type":"binary-expr","locations":[{"start":{"line":165,"column":6},"end":{"line":165,"column":25}},{"start":{"line":165,"column":29},"end":{"line":165,"column":43}}]},"5":{"loc":{"start":{"line":167,"column":2},"end":{"line":169,"column":3}},"type":"if","locations":[{"start":{"line":167,"column":2},"end":{"line":169,"column":3}}]},"6":{"loc":{"start":{"line":167,"column":6},"end":{"line":167,"column":39}},"type":"binary-expr","locations":[{"start":{"line":167,"column":6},"end":{"line":167,"column":28}},{"start":{"line":167,"column":32},"end":{"line":167,"column":39}}]},"7":{"loc":{"start":{"line":183,"column":2},"end":{"line":183,"column":48}},"type":"default-arg","locations":[{"start":{"line":183,"column":30},"end":{"line":183,"column":48}}]},"8":{"loc":{"start":{"line":191,"column":4},"end":{"line":194,"column":5}},"type":"if","locations":[{"start":{"line":191,"column":4},"end":{"line":194,"column":5}}]},"9":{"loc":{"start":{"line":191,"column":8},"end":{"line":191,"column":60}},"type":"binary-expr","locations":[{"start":{"line":191,"column":8},"end":{"line":191,"column":14}},{"start":{"line":191,"column":18},"end":{"line":191,"column":60}}]},"10":{"loc":{"start":{"line":196,"column":4},"end":{"line":198,"column":5}},"type":"if","locations":[{"start":{"line":196,"column":4},"end":{"line":198,"column":5}}]},"11":{"loc":{"start":{"line":213,"column":63},"end":{"line":213,"column":95}},"type":"binary-expr","locations":[{"start":{"line":213,"column":63},"end":{"line":213,"column":80}},{"start":{"line":213,"column":84},"end":{"line":213,"column":95}}]},"12":{"loc":{"start":{"line":220,"column":2},"end":{"line":222,"column":3}},"type":"if","locations":[{"start":{"line":220,"column":2},"end":{"line":222,"column":3}}]},"13":{"loc":{"start":{"line":232,"column":2},"end":{"line":234,"column":3}},"type":"if","locations":[{"start":{"line":232,"column":2},"end":{"line":234,"column":3}}]},"14":{"loc":{"start":{"line":340,"column":21},"end":{"line":340,"column":49}},"type":"binary-expr","locations":[{"start":{"line":340,"column":21},"end":{"line":340,"column":43}},{"start":{"line":340,"column":47},"end":{"line":340,"column":49}}]},"15":{"loc":{"start":{"line":398,"column":2},"end":{"line":400,"column":3}},"type":"if","locations":[{"start":{"line":398,"column":2},"end":{"line":400,"column":3}}]},"16":{"loc":{"start":{"line":398,"column":6},"end":{"line":398,"column":59}},"type":"binary-expr","locations":[{"start":{"line":398,"column":6},"end":{"line":398,"column":21}},{"start":{"line":398,"column":25},"end":{"line":398,"column":59}}]},"17":{"loc":{"start":{"line":419,"column":6},"end":{"line":421,"column":31}},"type":"cond-expr","locations":[{"start":{"line":420,"column":10},"end":{"line":420,"column":33}},{"start":{"line":421,"column":10},"end":{"line":421,"column":31}}]},"18":{"loc":{"start":{"line":423,"column":6},"end":{"line":425,"column":38}},"type":"cond-expr","locations":[{"start":{"line":424,"column":10},"end":{"line":424,"column":40}},{"start":{"line":425,"column":10},"end":{"line":425,"column":38}}]},"19":{"loc":{"start":{"line":427,"column":6},"end":{"line":429,"column":29}},"type":"cond-expr","locations":[{"start":{"line":428,"column":10},"end":{"line":428,"column":91}},{"start":{"line":429,"column":10},"end":{"line":429,"column":29}}]},"20":{"loc":{"start":{"line":427,"column":6},"end":{"line":427,"column":81}},"type":"binary-expr","locations":[{"start":{"line":427,"column":6},"end":{"line":427,"column":47}},{"start":{"line":427,"column":51},"end":{"line":427,"column":81}}]},"21":{"loc":{"start":{"line":474,"column":17},"end":{"line":474,"column":72}},"type":"cond-expr","locations":[{"start":{"line":474,"column":39},"end":{"line":474,"column":62}},{"start":{"line":474,"column":65},"end":{"line":474,"column":72}}]},"22":{"loc":{"start":{"line":499,"column":21},"end":{"line":499,"column":49}},"type":"binary-expr","locations":[{"start":{"line":499,"column":21},"end":{"line":499,"column":43}},{"start":{"line":499,"column":47},"end":{"line":499,"column":49}}]},"23":{"loc":{"start":{"line":504,"column":16},"end":{"line":504,"column":83}},"type":"cond-expr","locations":[{"start":{"line":504,"column":45},"end":{"line":504,"column":62}},{"start":{"line":504,"column":65},"end":{"line":504,"column":83}}]},"24":{"loc":{"start":{"line":549,"column":21},"end":{"line":549,"column":49}},"type":"binary-expr","locations":[{"start":{"line":549,"column":21},"end":{"line":549,"column":43}},{"start":{"line":549,"column":47},"end":{"line":549,"column":49}}]},"25":{"loc":{"start":{"line":608,"column":4},"end":{"line":617,"column":5}},"type":"if","locations":[{"start":{"line":608,"column":4},"end":{"line":617,"column":5}}]},"26":{"loc":{"start":{"line":630,"column":22},"end":{"line":630,"column":78}},"type":"cond-expr","locations":[{"start":{"line":630,"column":47},"end":{"line":630,"column":60}},{"start":{"line":630,"column":63},"end":{"line":630,"column":78}}]}},"s":{"0":0,"1":0,"2":0,"3":0,"4":0,"5":0,"6":0,"7":0,"8":0,"9":0,"10":0,"11":0,"12":0,"13":0,"14":0,"15":0,"16":0,"17":0,"18":0,"19":0,"20":0,"21":0,"22":0,"23":0,"24":0,"25":0,"26":0,"27":0,"28":0,"29":0,"30":0,"31":0,"32":0,"33":0,"34":0,"35":0,"36":0,"37":0,"38":0,"39":0,"40":0,"41":0,"42":0,"43":0,"44":0,"45":0,"46":0,"47":0,"48":0,"49":0,"50":0,"51":0,"52":0,"53":0,"54":0,"55":0,"56":0,"57":0,"58":0,"59":0,"60":0,"61":0,"62":0,"63":0,"64":0,"65":0,"66":0,"67":0,"68":0,"69":0,"70":0,"71":0,"72":0,"73":0,"74":0,"75":0,"76":0,"77":0,"78":0,"79":0,"80":0,"81":0,"82":0,"83":0,"84":0,"85":0,"86":0,"87":0,"88":0,"89":0,"90":0,"91":0,"92":0,"93":0,"94":0,"95":0,"96":0,"97":0,"98":0,"99":0,"100":0,"101":0,"102":0,"103":0,"104":0,"105":0,"106":0,"107":0,"108":0,"109":0,"110":0,"111":0,"112":0,"113":0,"114":0,"115":0,"116":0,"117":0,"118":0,"119":0,"120":0,"121":0,"122":0,"123":0,"124":0,"125":0,"126":0,"127":0,"128":0,"129":0,"130":0,"131":0,"132":0,"133":0,"134":0,"135":0,"136":0,"137":0,"138":0,"139":0,"140":0,"141":0,"142":0,"143":0,"144":0,"145":0,"146":0,"147":0,"148":0,"149":0,"150":0,"151":0,"152":0,"153":0,"154":0,"155":0,"156":0,"157":0,"158":0,"159":0,"160":0,"161":0,"162":0},"f":{"0":0,"1":0,"2":0,"3":0,"4":0,"5":0,"6":0,"7":0,"8":0,"9":0,"10":0,"11":0,"12":0,"13":0,"14":0,"15":0,"16":0,"17":0,"18":0,"19":0,"20":0,"21":0,"22":0,"23":0},"b":{"0":[0],"1":[0,0],"2":[0],"3":[0],"4":[0,0],"5":[0],"6":[0,0],"7":[0],"8":[0],"9":[0,0],"10":[0],"11":[0,0],"12":[0],"13":[0],"14":[0,0],"15":[0],"16":[0,0],"17":[0,0],"18":[0,0],"19":[0,0],"20":[0,0],"21":[0,0],"22":[0,0],"23":[0,0],"24":[0,0],"25":[0],"26":[0,0]}}
,"/Users/kepa.cantero/Projects/rovo-execution-guard/src/backend/resolvers/workflow-transition.ts": {"path":"/Users/kepa.cantero/Projects/rovo-execution-guard/src/backend/resolvers/workflow-transition.ts","statementMap":{"0":{"start":{"line":19,"column":0},"end":{"line":19,"column":43}},"1":{"start":{"line":21,"column":0},"end":{"line":21,"column":null}},"2":{"start":{"line":26,"column":0},"end":{"line":26,"column":78}},"3":{"start":{"line":28,"column":0},"end":{"line":28,"column":77}},"4":{"start":{"line":67,"column":27},"end":{"line":67,"column":32}},"5":{"start":{"line":70,"column":62},"end":{"line":74,"column":11}},"6":{"start":{"line":85,"column":12},"end":{"line":88,"column":1}},"7":{"start":{"line":87,"column":2},"end":{"line":87,"column":37}},"8":{"start":{"line":98,"column":24},"end":{"line":102,"column":1}},"9":{"start":{"line":99,"column":2},"end":{"line":101,"column":3}},"10":{"start":{"line":100,"column":4},"end":{"line":100,"column":86}},"11":{"start":{"line":109,"column":22},"end":{"line":115,"column":1}},"12":{"start":{"line":110,"column":2},"end":{"line":110,"column":46}},"13":{"start":{"line":111,"column":2},"end":{"line":111,"column":54}},"14":{"start":{"line":112,"column":2},"end":{"line":112,"column":50}},"15":{"start":{"line":113,"column":2},"end":{"line":113,"column":46}},"16":{"start":{"line":114,"column":2},"end":{"line":114,"column":50}},"17":{"start":{"line":122,"column":24},"end":{"line":124,"column":1}},"18":{"start":{"line":123,"column":2},"end":{"line":123,"column":37}},"19":{"start":{"line":134,"column":28},"end":{"line":138,"column":1}},"20":{"start":{"line":135,"column":20},"end":{"line":135,"column":43}},"21":{"start":{"line":136,"column":17},"end":{"line":136,"column":60}},"22":{"start":{"line":137,"column":2},"end":{"line":137,"column":37}},"23":{"start":{"line":149,"column":29},"end":{"line":156,"column":2}},"24":{"start":{"line":152,"column":36},"end":{"line":156,"column":2}},"25":{"start":{"line":164,"column":28},"end":{"line":191,"column":1}},"26":{"start":{"line":169,"column":15},"end":{"line":176,"column":14}},"27":{"start":{"line":178,"column":2},"end":{"line":190,"column":3}},"28":{"start":{"line":179,"column":4},"end":{"line":179,"column":70}},"29":{"start":{"line":181,"column":16},"end":{"line":181,"column":86}},"30":{"start":{"line":182,"column":4},"end":{"line":189,"column":7}},"31":{"start":{"line":201,"column":22},"end":{"line":204,"column":1}},"32":{"start":{"line":202,"column":2},"end":{"line":202,"column":36}},"33":{"start":{"line":202,"column":23},"end":{"line":202,"column":36}},"34":{"start":{"line":203,"column":2},"end":{"line":203,"column":41}},"35":{"start":{"line":212,"column":28},"end":{"line":243,"column":1}},"36":{"start":{"line":216,"column":2},"end":{"line":216,"column":39}},"37":{"start":{"line":216,"column":32},"end":{"line":216,"column":39}},"38":{"start":{"line":218,"column":53},"end":{"line":219,"column":null}},"39":{"start":{"line":219,"column":11},"end":{"line":219,"column":40}},"40":{"start":{"line":222,"column":2},"end":{"line":242,"column":3}},"41":{"start":{"line":223,"column":4},"end":{"line":241,"column":5}},"42":{"start":{"line":224,"column":6},"end":{"line":230,"column":8}},"43":{"start":{"line":232,"column":18},"end":{"line":232,"column":96}},"44":{"start":{"line":233,"column":6},"end":{"line":240,"column":9}},"45":{"start":{"line":252,"column":22},"end":{"line":275,"column":1}},"46":{"start":{"line":253,"column":2},"end":{"line":274,"column":3}},"47":{"start":{"line":254,"column":4},"end":{"line":261,"column":7}},"48":{"start":{"line":266,"column":16},"end":{"line":266,"column":94}},"49":{"start":{"line":267,"column":4},"end":{"line":273,"column":7}},"50":{"start":{"line":294,"column":40},"end":{"line":341,"column":1}},"51":{"start":{"line":297,"column":22},"end":{"line":297,"column":43}},"52":{"start":{"line":299,"column":2},"end":{"line":308,"column":5}},"53":{"start":{"line":311,"column":2},"end":{"line":324,"column":3}},"54":{"start":{"line":312,"column":4},"end":{"line":312,"column":25}},"55":{"start":{"line":314,"column":16},"end":{"line":314,"column":95}},"56":{"start":{"line":315,"column":4},"end":{"line":321,"column":7}},"57":{"start":{"line":322,"column":4},"end":{"line":322,"column":64}},"58":{"start":{"line":323,"column":4},"end":{"line":323,"column":50}},"59":{"start":{"line":327,"column":19},"end":{"line":327,"column":50}},"60":{"start":{"line":328,"column":2},"end":{"line":337,"column":3}},"61":{"start":{"line":329,"column":4},"end":{"line":335,"column":7}},"62":{"start":{"line":336,"column":4},"end":{"line":336,"column":42}},"63":{"start":{"line":340,"column":2},"end":{"line":340,"column":61}},"64":{"start":{"line":294,"column":13},"end":{"line":294,"column":40}},"65":{"start":{"line":348,"column":30},"end":{"line":425,"column":1}},"66":{"start":{"line":353,"column":2},"end":{"line":424,"column":3}},"67":{"start":{"line":355,"column":19},"end":{"line":355,"column":92}},"68":{"start":{"line":358,"column":4},"end":{"line":368,"column":5}},"69":{"start":{"line":359,"column":6},"end":{"line":366,"column":9}},"70":{"start":{"line":367,"column":6},"end":{"line":367,"column":54}},"71":{"start":{"line":371,"column":19},"end":{"line":371,"column":99}},"72":{"start":{"line":374,"column":4},"end":{"line":374,"column":56}},"73":{"start":{"line":377,"column":4},"end":{"line":392,"column":5}},"74":{"start":{"line":378,"column":6},"end":{"line":385,"column":9}},"75":{"start":{"line":386,"column":6},"end":{"line":391,"column":8}},"76":{"start":{"line":395,"column":4},"end":{"line":395,"column":45}},"77":{"start":{"line":397,"column":4},"end":{"line":404,"column":7}},"78":{"start":{"line":406,"column":4},"end":{"line":412,"column":6}},"79":{"start":{"line":414,"column":16},"end":{"line":414,"column":86}},"80":{"start":{"line":415,"column":4},"end":{"line":421,"column":7}},"81":{"start":{"line":422,"column":4},"end":{"line":422,"column":64}},"82":{"start":{"line":423,"column":4},"end":{"line":423,"column":50}},"83":{"start":{"line":432,"column":25},"end":{"line":454,"column":1}},"84":{"start":{"line":433,"column":25},"end":{"line":440,"column":14}},"85":{"start":{"line":442,"column":22},"end":{"line":445,"column":15}},"86":{"start":{"line":444,"column":18},"end":{"line":444,"column":99}},"87":{"start":{"line":447,"column":16},"end":{"line":447,"column":86}},"88":{"start":{"line":449,"column":2},"end":{"line":451,"column":3}},"89":{"start":{"line":450,"column":4},"end":{"line":450,"column":56}},"90":{"start":{"line":453,"column":2},"end":{"line":453,"column":26}}},"fnMap":{"0":{"name":"(anonymous_0)","decl":{"start":{"line":85,"column":12},"end":{"line":85,"column":13}},"loc":{"start":{"line":85,"column":48},"end":{"line":88,"column":1}}},"1":{"name":"(anonymous_1)","decl":{"start":{"line":98,"column":24},"end":{"line":98,"column":25}},"loc":{"start":{"line":98,"column":67},"end":{"line":102,"column":1}}},"2":{"name":"(anonymous_2)","decl":{"start":{"line":109,"column":22},"end":{"line":109,"column":23}},"loc":{"start":{"line":109,"column":67},"end":{"line":115,"column":1}}},"3":{"name":"(anonymous_3)","decl":{"start":{"line":122,"column":24},"end":{"line":122,"column":25}},"loc":{"start":{"line":122,"column":67},"end":{"line":124,"column":1}}},"4":{"name":"(anonymous_4)","decl":{"start":{"line":134,"column":28},"end":{"line":134,"column":39}},"loc":{"start":{"line":134,"column":41},"end":{"line":138,"column":1}}},"5":{"name":"(anonymous_5)","decl":{"start":{"line":149,"column":29},"end":{"line":149,"column":null}},"loc":{"start":{"line":152,"column":36},"end":{"line":156,"column":2}}},"6":{"name":"(anonymous_6)","decl":{"start":{"line":164,"column":28},"end":{"line":164,"column":33}},"loc":{"start":{"line":168,"column":19},"end":{"line":191,"column":1}}},"7":{"name":"(anonymous_7)","decl":{"start":{"line":201,"column":22},"end":{"line":201,"column":23}},"loc":{"start":{"line":201,"column":77},"end":{"line":204,"column":1}}},"8":{"name":"(anonymous_8)","decl":{"start":{"line":212,"column":28},"end":{"line":212,"column":33}},"loc":{"start":{"line":215,"column":19},"end":{"line":243,"column":1}}},"9":{"name":"(anonymous_9)","decl":{"start":{"line":219,"column":4},"end":{"line":219,"column":5}},"loc":{"start":{"line":219,"column":11},"end":{"line":219,"column":40}}},"10":{"name":"(anonymous_10)","decl":{"start":{"line":252,"column":22},"end":{"line":252,"column":27}},"loc":{"start":{"line":252,"column":94},"end":{"line":275,"column":1}}},"11":{"name":"(anonymous_11)","decl":{"start":{"line":294,"column":40},"end":{"line":294,"column":45}},"loc":{"start":{"line":296,"column":43},"end":{"line":341,"column":1}}},"12":{"name":"(anonymous_12)","decl":{"start":{"line":348,"column":30},"end":{"line":348,"column":35}},"loc":{"start":{"line":352,"column":43},"end":{"line":425,"column":1}}},"13":{"name":"(anonymous_13)","decl":{"start":{"line":432,"column":25},"end":{"line":432,"column":26}},"loc":{"start":{"line":432,"column":70},"end":{"line":454,"column":1}}},"14":{"name":"(anonymous_14)","decl":{"start":{"line":444,"column":9},"end":{"line":444,"column":10}},"loc":{"start":{"line":444,"column":18},"end":{"line":444,"column":99}}}},"branchMap":{"0":{"loc":{"start":{"line":99,"column":2},"end":{"line":101,"column":3}},"type":"if","locations":[{"start":{"line":99,"column":2},"end":{"line":101,"column":3}}]},"1":{"loc":{"start":{"line":99,"column":6},"end":{"line":99,"column":41}},"type":"binary-expr","locations":[{"start":{"line":99,"column":6},"end":{"line":99,"column":12}},{"start":{"line":99,"column":16},"end":{"line":99,"column":41}}]},"2":{"loc":{"start":{"line":181,"column":16},"end":{"line":181,"column":86}},"type":"cond-expr","locations":[{"start":{"line":181,"column":48},"end":{"line":181,"column":68}},{"start":{"line":181,"column":71},"end":{"line":181,"column":86}}]},"3":{"loc":{"start":{"line":202,"column":2},"end":{"line":202,"column":36}},"type":"if","locations":[{"start":{"line":202,"column":2},"end":{"line":202,"column":36}}]},"4":{"loc":{"start":{"line":216,"column":2},"end":{"line":216,"column":39}},"type":"if","locations":[{"start":{"line":216,"column":2},"end":{"line":216,"column":39}}]},"5":{"loc":{"start":{"line":222,"column":2},"end":{"line":242,"column":3}},"type":"if","locations":[{"start":{"line":222,"column":2},"end":{"line":242,"column":3}}]},"6":{"loc":{"start":{"line":222,"column":6},"end":{"line":222,"column":60}},"type":"binary-expr","locations":[{"start":{"line":222,"column":6},"end":{"line":222,"column":17}},{"start":{"line":222,"column":21},"end":{"line":222,"column":60}}]},"7":{"loc":{"start":{"line":232,"column":18},"end":{"line":232,"column":96}},"type":"cond-expr","locations":[{"start":{"line":232,"column":48},"end":{"line":232,"column":66}},{"start":{"line":232,"column":69},"end":{"line":232,"column":96}}]},"8":{"loc":{"start":{"line":266,"column":16},"end":{"line":266,"column":94}},"type":"cond-expr","locations":[{"start":{"line":266,"column":48},"end":{"line":266,"column":68}},{"start":{"line":266,"column":71},"end":{"line":266,"column":94}}]},"9":{"loc":{"start":{"line":314,"column":16},"end":{"line":314,"column":95}},"type":"cond-expr","locations":[{"start":{"line":314,"column":51},"end":{"line":314,"column":74}},{"start":{"line":314,"column":77},"end":{"line":314,"column":95}}]},"10":{"loc":{"start":{"line":328,"column":2},"end":{"line":337,"column":3}},"type":"if","locations":[{"start":{"line":328,"column":2},"end":{"line":337,"column":3}}]},"11":{"loc":{"start":{"line":358,"column":4},"end":{"line":368,"column":5}},"type":"if","locations":[{"start":{"line":358,"column":4},"end":{"line":368,"column":5}}]},"12":{"loc":{"start":{"line":377,"column":4},"end":{"line":392,"column":5}},"type":"if","locations":[{"start":{"line":377,"column":4},"end":{"line":392,"column":5}}]},"13":{"loc":{"start":{"line":414,"column":16},"end":{"line":414,"column":86}},"type":"cond-expr","locations":[{"start":{"line":414,"column":48},"end":{"line":414,"column":68}},{"start":{"line":414,"column":71},"end":{"line":414,"column":86}}]},"14":{"loc":{"start":{"line":444,"column":41},"end":{"line":444,"column":97}},"type":"cond-expr","locations":[{"start":{"line":444,"column":58},"end":{"line":444,"column":92}},{"start":{"line":444,"column":95},"end":{"line":444,"column":97}}]},"15":{"loc":{"start":{"line":449,"column":2},"end":{"line":451,"column":3}},"type":"if","locations":[{"start":{"line":449,"column":2},"end":{"line":451,"column":3}}]}},"s":{"0":0,"1":0,"2":0,"3":0,"4":0,"5":0,"6":0,"7":0,"8":0,"9":0,"10":0,"11":0,"12":0,"13":0,"14":0,"15":0,"16":0,"17":0,"18":0,"19":0,"20":0,"21":0,"22":0,"23":0,"24":0,"25":0,"26":0,"27":0,"28":0,"29":0,"30":0,"31":0,"32":0,"33":0,"34":0,"35":0,"36":0,"37":0,"38":0,"39":0,"40":0,"41":0,"42":0,"43":0,"44":0,"45":0,"46":0,"47":0,"48":0,"49":0,"50":0,"51":0,"52":0,"53":0,"54":0,"55":0,"56":0,"57":0,"58":0,"59":0,"60":0,"61":0,"62":0,"63":0,"64":0,"65":0,"66":0,"67":0,"68":0,"69":0,"70":0,"71":0,"72":0,"73":0,"74":0,"75":0,"76":0,"77":0,"78":0,"79":0,"80":0,"81":0,"82":0,"83":0,"84":0,"85":0,"86":0,"87":0,"88":0,"89":0,"90":0},"f":{"0":0,"1":0,"2":0,"3":0,"4":0,"5":0,"6":0,"7":0,"8":0,"9":0,"10":0,"11":0,"12":0,"13":0,"14":0},"b":{"0":[0],"1":[0,0],"2":[0,0],"3":[0],"4":[0],"5":[0],"6":[0,0],"7":[0,0],"8":[0,0],"9":[0,0],"10":[0],"11":[0],"12":[0],"13":[0,0],"14":[0,0],"15":[0]}}
,"/Users/kepa.cantero/Projects/rovo-execution-guard/src/backend/services/confluence/confluence-adapter.ts": {"path":"/Users/kepa.cantero/Projects/rovo-execution-guard/src/backend/services/confluence/confluence-adapter.ts","statementMap":{"0":{"start":{"line":407,"column":0},"end":{"line":407,"column":7}},"1":{"start":{"line":453,"column":0},"end":{"line":453,"column":7}},"2":{"start":{"line":501,"column":0},"end":{"line":501,"column":7}},"3":{"start":{"line":553,"column":0},"end":{"line":553,"column":7}},"4":{"start":{"line":8,"column":0},"end":{"line":8,"column":91}},"5":{"start":{"line":10,"column":0},"end":{"line":10,"column":null}},"6":{"start":{"line":85,"column":27},"end":{"line":85,"column":33}},"7":{"start":{"line":88,"column":23},"end":{"line":88,"column":29}},"8":{"start":{"line":91,"column":42},"end":{"line":95,"column":2}},"9":{"start":{"line":98,"column":23},"end":{"line":98,"column":26}},"10":{"start":{"line":99,"column":26},"end":{"line":99,"column":29}},"11":{"start":{"line":102,"column":27},"end":{"line":102,"column":29}},"12":{"start":{"line":103,"column":23},"end":{"line":103,"column":26}},"13":{"start":{"line":119,"column":36},"end":{"line":125,"column":4}},"14":{"start":{"line":127,"column":2},"end":{"line":127,"column":37}},"15":{"start":{"line":142,"column":21},"end":{"line":142,"column":42}},"16":{"start":{"line":143,"column":16},"end":{"line":143,"column":89}},"17":{"start":{"line":143,"column":33},"end":{"line":143,"column":51}},"18":{"start":{"line":144,"column":16},"end":{"line":144,"column":47}},"19":{"start":{"line":144,"column":28},"end":{"line":144,"column":47}},"20":{"start":{"line":145,"column":2},"end":{"line":145,"column":46}},"21":{"start":{"line":163,"column":14},"end":{"line":163,"column":60}},"22":{"start":{"line":165,"column":2},"end":{"line":178,"column":3}},"23":{"start":{"line":166,"column":4},"end":{"line":172,"column":5}},"24":{"start":{"line":167,"column":6},"end":{"line":171,"column":8}},"25":{"start":{"line":173,"column":4},"end":{"line":177,"column":6}},"26":{"start":{"line":180,"column":2},"end":{"line":184,"column":4}},"27":{"start":{"line":208,"column":28},"end":{"line":208,"column":60}},"28":{"start":{"line":209,"column":14},"end":{"line":209,"column":45}},"29":{"start":{"line":211,"column":2},"end":{"line":268,"column":3}},"30":{"start":{"line":212,
[...]
":299,"column":74},"end":{"line":299,"column":91}}]},"18":{"loc":{"start":{"line":301,"column":2},"end":{"line":307,"column":3}},"type":"if","locations":[{"start":{"line":301,"column":2},"end":{"line":307,"column":3}},{"start":{"line":305,"column":9},"end":{"line":307,"column":3}}]},"19":{"loc":{"start":{"line":310,"column":2},"end":{"line":314,"column":3}},"type":"if","locations":[{"start":{"line":310,"column":2},"end":{"line":314,"column":3}},{"start":{"line":312,"column":9},"end":{"line":314,"column":3}}]},"20":{"loc":{"start":{"line":312,"column":9},"end":{"line":314,"column":3}},"type":"if","locations":[{"start":{"line":312,"column":9},"end":{"line":314,"column":3}}]},"21":{"loc":{"start":{"line":322,"column":2},"end":{"line":322,"column":47}},"type":"if","locations":[{"start":{"line":322,"column":2},"end":{"line":322,"column":47}}]},"22":{"loc":{"start":{"line":323,"column":2},"end":{"line":323,"column":47}},"type":"if","locations":[{"start":{"line":323,"column":2},"end":{"line":323,"column":47}}]},"23":{"loc":{"start":{"line":324,"column":2},"end":{"line":324,"column":44}},"type":"if","locations":[{"start":{"line":324,"column":2},"end":{"line":324,"column":44}}]},"24":{"loc":{"start":{"line":325,"column":2},"end":{"line":325,"column":59}},"type":"if","locations":[{"start":{"line":325,"column":2},"end":{"line":325,"column":59}}]},"25":{"loc":{"start":{"line":326,"column":2},"end":{"line":326,"column":84}},"type":"if","locations":[{"start":{"line":326,"column":2},"end":{"line":326,"column":84}}]},"26":{"loc":{"start":{"line":344,"column":2},"end":{"line":349,"column":3}},"type":"if","locations":[{"start":{"line":344,"column":2},"end":{"line":349,"column":3}}]},"27":{"loc":{"start":{"line":345,"column":4},"end":{"line":346,"column":42}},"type":"binary-expr","locations":[{"start":{"line":345,"column":5},"end":{"line":345,"column":31}},{"start":{"line":345,"column":35},"end":{"line":345,"column":64}},{"start":{"line":346,"column":4},"end":{"line":346,"column":42}}]},"28":{"loc":{"start":{"line":371,"column":2},"end":{"line":375,"column":3}},"type":"if","locations":[{"start":{"line":371,"column":2},"end":{"line":375,"column":3}},{"start":{"line":373,"column":9},"end":{"line":375,"column":3}}]},"29":{"loc":{"start":{"line":373,"column":9},"end":{"line":375,"column":3}},"type":"if","locations":[{"start":{"line":373,"column":9},"end":{"line":375,"column":3}}]},"30":{"loc":{"start":{"line":378,"column":2},"end":{"line":380,"column":3}},"type":"if","locations":[{"start":{"line":378,"column":2},"end":{"line":380,"column":3}}]},"31":{"loc":{"start":{"line":383,"column":2},"end":{"line":385,"column":3}},"type":"if","locations":[{"start":{"line":383,"column":2},"end":{"line":385,"column":3}}]},"32":{"loc":{"start":{"line":388,"column":2},"end":{"line":390,"column":3}},"type":"if","locations":[{"start":{"line":388,"column":2},"end":{"line":390,"column":3}}]},"33":{"loc":{"start":{"line":393,"column":2},"end":{"line":395,"column":3}},"type":"if","locations":[{"start":{"line":393,"column":2},"end":{"line":395,"column":3}}]},"34":{"loc":{"start":{"line":399,"column":2},"end":{"line":405,"column":3}},"type":"if","locations":[{"start":{"line":399,"column":2},"end":{"line":405,"column":3}}]},"35":{"loc":{"start":{"line":400,"column":4},"end":{"line":402,"column":36}},"type":"binary-expr","locations":[{"start":{"line":400,"column":4},"end":{"line":400,"column":30}},{"start":{"line":401,"column":4},"end":{"line":401,"column":30}},{"start":{"line":402,"column":4},"end":{"line":402,"column":36}}]},"36":{"loc":{"start":{"line":412,"column":2},"end":{"line":412,"column":51}},"type":"if","locations":[{"start":{"line":412,"column":2},"end":{"line":412,"column":51}}]},"37":{"loc":{"start":{"line":412,"column":6},"end":{"line":412,"column":39}},"type":"binary-expr","locations":[{"start":{"line":412,"column":6},"end":{"line":412,"column":20}},{"start":{"line":412,"column":24},"end":{"line":412,"column":39}}]},"38":{"loc":{"start":{"line":413,"column":2},"end":{"line":413,"column":31}},"type":"if","locations":[{"start":{"line":413,"column":2},"end":{"line":413,"column":31}}]},"39":{"loc":{"start":{"line":421,"column":4},"end":{"line":423,"column":5}},"type":"if","locations":[{"start":{"line":421,"column":4},"end":{"line":423,"column":5}}]},"40":{"loc":{"start":{"line":437,"column":2},"end":{"line":441,"column":3}},"type":"if","locations":[{"start":{"line":437,"column":2},"end":{"line":441,"column":3}},{"start":{"line":439,"column":9},"end":{"line":441,"column":3}}]},"41":{"loc":{"start":{"line":439,"column":9},"end":{"line":441,"column":3}},"type":"if","locations":[{"start":{"line":439,"column":9},"end":{"line":441,"column":3}}]},"42":{"loc":{"start":{"line":446,"column":2},"end":{"line":448,"column":3}},"type":"if","locations":[{"start":{"line":446,"column":2},"end":{"line":448,"column":3}}]},"43":{"loc":{"start":{"line":484,"column":18},"end":{"line":484,"column":61}},"type":"binary-expr","locations":[{"start":{"line":484,"column":18},"end":{"line":484,"column":37}},{"start":{"line":484,"column":41},"end":{"line":484,"column":61}}]},"44":{"loc":{"start":{"line":485,"column":2},"end":{"line":487,"column":3}},"type":"if","locations":[{"start":{"line":485,"column":2},"end":{"line":487,"column":3}}]},"45":{"loc":{"start":{"line":535,"column":20},"end":{"line":535,"column":69}},"type":"binary-expr","locations":[{"start":{"line":535,"column":20},"end":{"line":535,"column":42}},{"start":{"line":535,"column":46},"end":{"line":535,"column":69}}]},"46":{"loc":{"start":{"line":536,"column":35},"end":{"line":536,"column":56}},"type":"binary-expr","locations":[{"start":{"line":536,"column":35},"end":{"line":536,"column":50}},{"start":{"line":536,"column":54},"end":{"line":536,"column":56}}]},"47":{"loc":{"start":{"line":543,"column":2},"end":{"line":567,"column":3}},"type":"switch","locations":[{"start":{"line":544,"column":4},"end":{"line":550,"column":5}},{"start":{"line":551,"column":4},"end":{"line":557,"column":5}},{"start":{"line":558,"column":4},"end":{"line":566,"column":5}}]},"48":{"loc":{"start":{"line":546,"column":6},"end":{"line":548,"column":7}},"type":"if","locations":[{"start":{"line":546,"column":6},"end":{"line":548,"column":7}}]},"49":{"loc":{"start":{"line":553,"column":6},"end":{"line":555,"column":7}},"type":"if","locations":[{"start":{"line":553,"column":6},"end":{"line":555,"column":7}}]},"50":{"loc":{"start":{"line":561,"column":15},"end":{"line":561,"column":38}},"type":"binary-expr","locations":[{"start":{"line":561,"column":15},"end":{"line":561,"column":24}},{"start":{"line":561,"column":28},"end":{"line":561,"column":38}}]},"51":{"loc":{"start":{"line":562,"column":6},"end":{"line":564,"column":7}},"type":"if","locations":[{"start":{"line":562,"column":6},"end":{"line":564,"column":7}}]}},"s":{"0":0,"1":0,"2":0,"3":0,"4":0,"5":0,"6":0,"7":0,"8":0,"9":0,"10":0,"11":0,"12":0,"13":0,"14":0,"15":0,"16":0,"17":0,"18":0,"19":0,"20":0,"21":0,"22":0,"23":0,"24":0,"25":0,"26":0,"27":0,"28":0,"29":0,"30":0,"31":0,"32":0,"33":0,"34":0,"35":0,"36":0,"37":0,"38":0,"39":0,"40":0,"41":0,"42":0,"43":0,"44":0,"45":0,"46":0,"47":0,"48":0,"49":0,"50":0,"51":0,"52":0,"53":0,"54":0,"55":0,"56":0,"57":0,"58":0,"59":0,"60":0,"61":0,"62":0,"63":0,"64":0,"65":0,"66":0,"67":0,"68":0,"69":0,"70":0,"71":0,"72":0,"73":0,"74":0,"75":0,"76":0,"77":0,"78":0,"79":0,"80":0,"81":0,"82":0,"83":0,"84":0,"85":0,"86":0,"87":0,"88":0,"89":0,"90":0,"91":0,"92":0,"93":0,"94":0,"95":0,"96":0,"97":0,"98":0,"99":0,"100":0,"101":0,"102":0,"103":0,"104":0,"105":0,"106":0,"107":0,"108":0,"109":0,"110":0,"111":0,"112":0,"113":0,"114":0,"115":0,"116":0,"117":0,"118":0,"119":0,"120":0,"121":0,"122":0,"123":0,"124":0,"125":0,"126":0,"127":0,"128":0,"129":0,"130":0,"131":0,"132":0,"133":0,"134":0,"135":0,"136":0,"137":0,"138":0,"139":0,"140":0,"141":0,"142":0,"143":0,"144":0,"145":0,"146":0,"147":0,"148":0,"149":0,"150":0,"151":0,"152":0,"153":0,"154":0,"155":0,"156":0,"157":0,"158":0,"159":0,"160":0,"161":0,"162":0,"163":0,"164":0,"165":0,"166":0,"167":0,"168":0,"169":0,"170":0,"171":0,"172":0,"173":0,"174":0,"175":0,"176":0,"177":0,"178":0,"179":0,"180":0,"181":0,"182":0,"183":0,"184":0},"f":{"0":0,"1":0,"2":0,"3":0,"4":0,"5":0,"6":0,"7":0,"8":0,"9":0,"10":0,"11":0,"12":0,"13":0,"14":0,"15":0,"16":0,"17":0,"18":0,"19":0,"20":0,"21":0,"22":0,"23":0,"24":0},"b":{"0":[0],"1":[0,0],"2":[0],"3":[0],"4":[0],"5":[0],"6":[0],"7":[0],"8":[0],"9":[0,0,0,0,0],"10":[0],"11":[0],"12":[0,0],"13":[0],"14":[0,0],"15":[0],"16":[0],"17":[0,0],"18":[0,0],"19":[0,0],"20":[0],"21":[0],"22":[0],"23":[0],"24":[0],"25":[0],"26":[0],"27":[0,0,0],"28":[0,0],"29":[0],"30":[0],"31":[0],"32":[0],"33":[0],"34":[0],"35":[0,0,0],"36":[0],"37":[0,0],"38":[0],"39":[0],"40":[0,0],"41":[0],"42":[0],"43":[0,0],"44":[0],"45":[0,0],"46":[0,0],"47":[0,0,0],"48":[0],"49":[0],"50":[0,0],"51":[0]}}
,"/Users/kepa.cantero/Projects/rovo-execution-guard/src/backend/types/errors.ts": {"path":"/Users/kepa.cantero/Projects/rovo-execution-guard/src/backend/types/errors.ts","statementMap":{"0":{"start":{"line":10,"column":4},"end":{"line":10,"column":19}},"1":{"start":{"line":11,"column":4},"end":{"line":11,"column":27}},"2":{"start":{"line":12,"column":4},"end":{"line":12,"column":21}},"3":{"start":{"line":13,"column":4},"end":{"line":13,"column":35}},"4":{"start":{"line":5,"column":0},"end":{"line":5,"column":13}},"5":{"start":{"line":19,"column":4},"end":{"line":19,"column":38}},"6":{"start":{"line":20,"column":4},"end":{"line":20,"column":31}},"7":{"start":{"line":17,"column":0},"end":{"line":17,"column":13}},"8":{"start":{"line":26,"column":4},"end":{"line":26,"column":38}},"9":{"start":{"line":27,"column":4},"end":{"line":27,"column":40}},"10":{"start":{"line":24,"column":0},"end":{"line":24,"column":13}},"11":{"start":{"line":33,"column":4},"end":{"line":33,"column":38}},"12":{"start":{"line":34,"column":4},"end":{"line":34,"column":31}},"13":{"start":{"line":31,"column":0},"end":{"line":31,"column":13}},"14":{"start":{"line":40,"column":4},"end":{"line":40,"column":38}},"15":{"start":{"line":41,"column":4},"end":{"line":41,"column":38}},"16":{"start":{"line":38,"column":0},"end":{"line":38,"column":13}},"17":{"start":{"line":48,"column":4},"end":{"line":48,"column":38}},"18":{"start":{"line":49,"column":4},"end":{"line":49,"column":40}},"19":{"start":{"line":46,"column":0},"end":{"line":46,"column":13}},"20":{"start":{"line":56,"column":4},"end":{"line":56,"column":38}},"21":{"start":{"line":57,"column":4},"end":{"line":57,"column":41}},"22":{"start":{"line":54,"column":0},"end":{"line":54,"column":13}},"23":{"start":{"line":63,"column":4},"end":{"line":63,"column":38}},"24":{"start":{"line":64,"column":4},"end":{"line":64,"column":31}},"25":{"start":{"line":61,"column":0},"end":{"line":61,"column":13}},"26":{"start":{"line":70,"column":4},"end":{"line":70,"column":38}},"27":{"start":{"line":71,"column":4},"end":{"line":71,"column":37}},"28":{"start":{"line":68,"column":0},"end":{"line":68,"column":13}},"29":{"start":{"line":77,"column":4},"end":{"line":77,"column":38}},"30":{"start":{"line":78,"column":4},"end":{"line":78,"column":33}},"31":{"start":{"line":75,"column":0},"end":{"line":75,"column":13}},"32":{"start":{"line":84,"column":4},"end":{"line":84,"column":38}},"33":{"start":{"line":85,"column":4},"end":{"line":85,"column":36}},"34":{"start":{"line":82,"column":0},"end":{"line":82,"column":13}},"35":{"start":{"line":91,"column":4},"end":{"line":91,"column":38}},"36":{"start":{"line":92,"column":4},"end":{"line":92,"column":37}},"37":{"start":{"line":89,"column":0},"end":{"line":89,"column":13}},"38":{"start":{"line":99,"column":4},"end":{"line":99,"column":38}},"39":{"start":{"line":100,"column":4},"end":{"line":100,"column":36}},"40":{"start":{"line":97,"column":0},"end":{"line":97,"column":13}},"41":{"start":{"line":107,"column":4},"end":{"line":107,"column":38}},"42":{"start":{"line":108,"column":4},"end":{"line":108,"column":37}},"43":{"start":{"line":105,"column":0},"end":{"line":105,"column":13}},"44":{"start":{"line":114,"column":4},"end":{"line":114,"column":38}},"45":{"start":{"line":115,"column":4},"end":{"line":115,"column":31}},"46":{"start":{"line":112,"column":0},"end":{"line":112,"column":13}},"47":{"start":{"line":121,"column":4},"end":{"line":121,"column":38}},"48":{"start":{"line":122,"column":4},"end":{"line":122,"column":35}},"49":{"start":{"line":119,"column":0},"end":{"line":119,"column":13}}},"fnMap":{"0":{"name":"(anonymous_0)","decl":{"start":{"line":9,"column":2},"end":{"line":9,"column":14}},"loc":{"start":{"line":9,"column":65},"end":{"line":14,"column":3}}},"1":{"name":"(anonymous_1)","decl":{"start":{"line":18,"column":2},"end":{"line":18,"column":14}},"loc":{"start":{"line":18,"column":65},"end":{"line":21,"column":3}}},"2":{"name":"(anonymous_2)","decl":{"start":{"line":25,"column":2},"end":{"line":25,"column":14}},"loc":{"start":{"line":25,"column":65},"end":{"line":28,"column":3}}},"3":{"name":"(anonymous_3)","decl":{"start":{"line":32,"column":2},"end":{"line":32,"column":14}},"loc":{"start":{"line":32,"column":65},"end":{"line":35,"column":3}}},"4":{"name":"(anonymous_4)","decl":{"start":{"line":39,"column":2},"end":{"line":39,"column":14}},"loc":{"start":{"line":39,"column":65},"end":{"line":42,"column":3}}},"5":{"name":"(anonymous_5)","decl":{"start":{"line":47,"column":2},"end":{"line":47,"column":14}},"loc":{"start":{"line":47,"column":65},"end":{"line":50,"column":3}}},"6":{"name":"(anonymous_6)","decl":{"start":{"line":55,"column":2},"end":{"line":55,"column":14}},"loc":{"start":{"line":55,"column":65},"end":{"line":58,"column":3}}},"7":{"name":"(anonymous_7)","decl":{"start":{"line":62,"column":2},"end":{"line":62,"column":14}},"loc":{"start":{"line":62,"column":65},"end":{"line":65,"column":3}}},"8":{"name":"(anonymous_8)","decl":{"start":{"line":69,"column":2},"end":{"line":69,"column":14}},"loc":{"start":{"line":69,"column":65},"end":{"line":72,"column":3}}},"9":{"name":"(anonymous_9)","decl":{"start":{"line":76,"column":2},"end":{"line":76,"column":14}},"loc":{"start":{"line":76,"column":65},"end":{"line":79,"column":3}}},"10":{"name":"(anonymous_10)","decl":{"start":{"line":83,"column":2},"end":{"line":83,"column":14}},"loc":{"start":{"line":83,"column":65},"end":{"line":86,"column":3}}},"11":{"name":"(anonymous_11)","decl":{"start":{"line":90,"column":2},"end":{"line":90,"column":14}},"loc":{"start":{"line":90,"column":65},"end":{"line":93,"column":3}}},"12":{"name":"(anonymous_12)","decl":{"start":{"line":98,"column":2},"end":{"line":98,"column":14}},"loc":{"start":{"line":98,"column":65},"end":{"line":101,"column":3}}},"13":{"name":"(anonymous_13)","decl":{"start":{"line":106,"column":2},"end":{"line":106,"column":14}},"loc":{"start":{"line":106,"column":65},"end":{"line":109,"column":3}}},"14":{"name":"(anonymous_14)","decl":{"start":{"line":113,"column":2},"end":{"line":113,"column":14}},"loc":{"start":{"line":113,"column":65},"end":{"line":116,"column":3}}},"15":{"name":"(anonymous_15)","decl":{"start":{"line":120,"column":2},"end":{"line":120,"column":14}},"loc":{"start":{"line":120,"column":65},"end":{"line":123,"column":3}}}},"branchMap":{},"s":{"0":32,"1":32,"2":32,"3":32,"4":1,"5":0,"6":0,"7":1,"8":0,"9":0,"10":1,"11":3,"12":3,"13":1,"14":0,"15":0,"16":1,"17":0,"18":0,"19":1,"20":0,"21":0,"22":1,"23":0,"24":0,"25":1,"26":0,"27":0,"28":1,"29":4,"30":4,"31":1,"32":0,"33":0,"34":1,"35":0,"36":0,"37":1,"38":0,"39":0,"40":1,"41":0,"42":0,"43":1,"44":1,"45":1,"46":1,"47":0,"48":0,"49":1},"f":{"0":32,"1":0,"2":0,"3":3,"4":0,"5":0,"6":0,"7":0,"8":0,"9":4,"10":0,"11":0,"12":0,"13":0,"14":1,"15":0},"b":{}}
,"/Users/kepa.cantero/Projects/rovo-execution-guard/src/backend/types/index.ts": {"path":"/Users/kepa.cantero/Projects/rovo-execution-guard/src/backend/types/index.ts","statementMap":{"0":{"start":{"line":6,"column":0},"end":{"line":6,"column":null}},"1":{"start":{"line":7,"column":2},"end":{"line":7,"column":null}},"2":{"start":{"line":8,"column":2},"end":{"line":8,"column":null}},"3":{"start":{"line":9,"column":2},"end":{"line":9,"column":null}},"4":{"start":{"line":10,"column":2},"end":{"line":10,"column":null}},"5":{"start":{"line":11,"column":2},"end":{"line":11,"column":null}},"6":{"start":{"line":12,"column":2},"end":{"line":12,"column":null}},"7":{"start":{"line":13,"column":2},"end":{"line":13,"column":null}},"8":{"start":{"line":14,"column":2},"end":{"line":14,"column":null}},"9":{"start":{"line":15,"column":2},"end":{"line":15,"column":null}},"10":{"start":{"line":16,"column":2},"end":{"line":16,"column":null}},"11":{"start":{"line":17,"column":2},"end":{"line":17,"column":null}},"12":{"start":{"line":18,"column":2},"end":{"line":18,"column":null}},"13":{"start":{"line":19,"column":2},"end":{"line":19,"column":null}},"14":{"start":{"line":20,"column":2},"end":{"line":20,"column":null}},"15":{"start":{"line":21,"column":2},"end":{"line":21,"column":null}},"16":{"start":{"line":22,"column":2},"end":{"line":22,"column":null}}},"fnMap":{"0":{"name":"(anonymous_0)","decl":{"start":{"line":7,"column":2},"end":{"line":7,"column":10}},"loc":{"start":{"line":7,"column":2},"end":{"line":7,"column":null}}},"1":{"name":"(anonymous_1)","decl":{"start":{"line":8,"column":2},"end":{"line":8,"column":14}},"loc":{"start":{"line":8,"column":2},"end":{"line":8,"column":null}}},"2":{"name":"(anonymous_2)","decl":{"start":{"line":9,"column":2},"end":{"line":9,"column":23}},"loc":{"start":{"line":9,"column":2},"end":{"line":9,"column":null}}},"3":{"name":"(anonymous_3)","decl":{"start":{"line":10,"column":2},"end":{"line":10,"column":14}},"loc":{"start":{"line":10,"column":2},"end":{"line":10,"column":null}}},"4":{"name":"(anonymous_4)","decl":{"start":{"line":11,"column":2},"end":{"line":11,"column":21}},"loc":{"start":{"line":11,"column":2},"end":{"line":11,"column":null}}},"5":{"name":"(anonymous_5)","decl":{"start":{"line":12,"column":2},"end":{"line":12,"column":23}},"loc":{"start":{"line":12,"column":2},"end":{"line":12,"column":null}}},"6":{"name":"(anonymous_6)","decl":{"start":{"line":13,"column":2},"end":{"line":13,"column":24}},"loc":{"start":{"line":13,"column":2},"end":{"line":13,"column":null}}},"7":{"name":"(anonymous_7)","decl":{"start":{"line":14,"column":2},"end":{"line":14,"column":14}},"loc":{"start":{"line":14,"column":2},"end":{"line":14,"column":null}}},"8":{"name":"(anonymous_8)","decl":{"start":{"line":15,"column":2},"end":{"line":15,"column":20}},"loc":{"start":{"line":15,"column":2},"end":{"line":15,"column":null}}},"9":{"name":"(anonymous_9)","decl":{"start":{"line":16,"column":2},"end":{"line":16,"column":16}},"loc":{"start":{"line":16,"column":2},"end":{"line":16,"column":null}}},"10":{"name":"(anonymous_10)","decl":{"start":{"line":17,"column":2},"end":{"line":17,"column":19}},"loc":{"start":{"line":17,"column":2},"end":{"line":17,"column":null}}},"11":{"name":"(anonymous_11)","decl":{"start":{"line":18,"column":2},"end":{"line":18,"column":20}},"loc":{"start":{"line":18,"column":2},"end":{"line":18,"column":null}}},"12":{"name":"(anonymous_12)","decl":{"start":{"line":19,"column":2},"end":{"line":19,"column":19}},"loc":{"start":{"line":19,"column":2},"end":{"line":19,"column":null}}},"13":{"name":"(anonymous_13)","decl":{"start":{"line":20,"column":2},"end":{"line":20,"column":20}},"loc":{"start":{"line":20,"column":2},"end":{"line":20,"column":null}}},"14":{"name":"(anonymous_14)","decl":{"start":{"line":21,"column":2},"end":{"line":21,"column":14}},"loc":{"start":{"line":21,"column":2},"end":{"line":21,"column":null}}},"15":{"name":"(anonymous_15)","decl":{"start":{"line":22,"column":2},"end":{"line":22,"column":18}},"loc":{"start":{"line":22,"column":2},"end":{"line":22,"column":null}}}},"branchMap":{},"s":{"0":0,"1":0,"2":0,"3":0,"4":0,"5":0,"6":0,"7":0,"8":0,"9":0,"10":0,"11":0,"12":0,"13":0,"14":0,"15":0,"16":0},"f":{"0":0,"1":0,"2":0,"3":0,"4":0,"5":0,"6":0,"7":0,"8":0,"9":0,"10":0,"11":0,"12":0,"13":0,"14":0,"15":0},"b":{}}
}
