TN:
SF:src/backend/resolvers/github-webhook.ts
FN:123,(anonymous_0)
FN:136,(anonymous_1)
FN:152,(anonymous_2)
FN:179,(anonymous_3)
FN:200,(anonymous_4)
FN:250,(anonymous_5)
FN:275,(anonymous_6)
FN:287,(anonymous_7)
FN:303,(anonymous_8)
FN:324,(anonymous_9)
FN:360,(anonymous_10)
FN:376,(anonymous_11)
FN:418,(anonymous_12)
FN:449,(anonymous_13)
FN:459,(anonymous_14)
FN:471,(anonymous_15)
FN:489,(anonymous_16)
FN:527,(anonymous_17)
FN:538,(anonymous_18)
FN:635,(anonymous_19)
FN:663,(anonymous_20)
FN:673,(anonymous_21)
FN:708,(anonymous_22)
FN:757,(anonymous_23)
FN:783,(anonymous_24)
FN:831,(anonymous_25)
FN:868,(anonymous_26)
FN:922,(anonymous_27)
FN:997,(anonymous_28)
FN:1013,(anonymous_29)
FNF:30
FNH:0
FNDA:0,(anonymous_0)
FNDA:0,(anonymous_1)
FNDA:0,(anonymous_2)
FNDA:0,(anonymous_3)
FNDA:0,(anonymous_4)
FNDA:0,(anonymous_5)
FNDA:0,(anonymous_6)
FNDA:0,(anonymous_7)
FNDA:0,(anonymous_8)
FNDA:0,(anonymous_9)
FNDA:0,(anonymous_10)
FNDA:0,(anonymous_11)
FNDA:0,(anonymous_12)
FNDA:0,(anonymous_13)
FNDA:0,(anonymous_14)
FNDA:0,(anonymous_15)
FNDA:0,(anonymous_16)
FNDA:0,(anonymous_17)
FNDA:0,(anonymous_18)
FNDA:0,(anonymous_19)
FNDA:0,(anonymous_20)
FNDA:0,(anonymous_21)
FNDA:0,(anonymous_22)
FNDA:0,(anonymous_23)
FNDA:0,(anonymous_24)
FNDA:0,(anonymous_25)
FNDA:0,(anonymous_26)
FNDA:0,(anonymous_27)
FNDA:0,(anonymous_28)
FNDA:0,(anonymous_29)
DA:17,0
DA:23,0
DA:25,0
DA:30,0
DA:32,0
DA:38,0
DA:93,0
DA:96,0
DA:99,0
DA:102,0
DA:105,0
DA:123,0
DA:125,0
DA:136,0
DA:137,0
DA:138,0
DA:139,0
DA:152,0
DA:153,0
DA:154,0
DA:157,0
DA:158,0
DA:159,0
DA:162,0
DA:163,0
DA:166,0
DA:179,0
DA:180,0
DA:181,0
DA:182,0
DA:185,0
DA:186,0
DA:188,0
DA:200,0
DA:201,0
DA:202,0
DA:204,0
DA:205,0
DA:208,0
DA:209,0
DA:212,0
DA:213,0
DA:216,0
DA:217,0
DA:226,0
DA:229,0
DA:230,0
DA:231,0
DA:236,0
DA:243,0
DA:250,0
DA:251,0
DA:253,0
DA:254,0
DA:255,0
DA:259,0
DA:260,0
DA:263,0
DA:264,0
DA:275,0
DA:276,0
DA:277,0
DA:279,0
DA:287,0
DA:288,0
DA:289,0
DA:290,0
DA:291,0
DA:292,0
DA:293,0
DA:294,0
DA:295,0
DA:303,0
DA:304,0
DA:305,0
DA:306,0
DA:307,0
DA:308,0
DA:309,0
DA:310,0
DA:311,0
DA:312,0
DA:324,0
DA:330,0
DA:331,0
DA:337,0
DA:339,0
DA:340,0
DA:360,0
DA:364,0
DA:376,0
DA:383,0
DA:392,0
DA:393,0
DA:395,0
DA:396,0
DA:418,0
DA:419,0
DA:420,0
DA:430,0
DA:431,0
DA:449,0
DA:450,0
DA:451,0
DA:459,0
DA:460,0
DA:469,0
DA:471,0
DA:474,0
DA:476,0
DA:477,0
DA:480,0
DA:489,0
DA:497,0
DA:500,0
DA:510,0
DA:527,0
DA:528,0
DA:529,0
DA:538,0
DA:547,0
DA:549,0
DA:551,0
DA:552,0
DA:561,0
DA:614,0
DA:619,0
DA:621,0
DA:623,0
DA:625,0
DA:627,0
DA:635,0
DA:639,0
DA:641,0
DA:650,0
DA:663,0
DA:665,0
DA:673,0
DA:678,0
DA:679,0
DA:681,0
DA:687,0
DA:690,0
DA:691,0
DA:697,0
DA:700,0
DA:708,0
DA:720,0
DA:723,0
DA:724,0
DA:725,0
DA:734,0
DA:735,0
DA:737,0
DA:738,0
DA:746,0
DA:750,0
DA:757,0
DA:763,0
DA:764,0
DA:766,0
DA:767,0
DA:775,0
DA:783,0
DA:789,0
DA:790,0
DA:792,0
DA:793,0
DA:802,0
DA:803,0
DA:805,0
DA:831,0
DA:836,0
DA:837,0
DA:839,0
DA:847,0
DA:848,0
DA:850,0
DA:851,0
DA:858,0
DA:861,0
DA:868,0
DA:875,0
DA:876,0
DA:877,0
DA:884,0
DA:889,0
DA:890,0
DA:891,0
DA:897,0
DA:902,0
DA:903,0
DA:904,0
DA:911,0
DA:914,0
DA:922,0
DA:928,0
DA:929,0
DA:930,0
DA:931,0
DA:933,0
DA:934,0
DA:935,0
DA:936,0
DA:939,0
DA:940,0
DA:943,0
DA:955,0
DA:956,0
DA:957,0
DA:960,0
DA:961,0
DA:962,0
DA:969,0
DA:972,0
DA:981,0
DA:982,0
DA:989,0
DA:997,0
DA:1013,0
DA:1021,0
DA:1022,0
DA:1023,0
DA:1024,0
DA:1027,0
DA:1030,0
DA:1031,0
DA:1039,0
DA:1043,0
DA:1044,0
DA:1048,0
DA:1058,0
DA:1060,0
DA:1061,0
DA:1068,0
DA:1069,0
DA:1071,0
LF:237
LH:0
BRDA:153,0,0,0
BRDA:153,1,0,0
BRDA:153,1,1,0
BRDA:162,2,0,0
BRDA:181,3,0,0
BRDA:181,4,0,0
BRDA:181,4,1,0
BRDA:185,5,0,0
BRDA:185,6,0,0
BRDA:185,6,1,0
BRDA:204,7,0,0
BRDA:209,8,0,0
BRDA:212,9,0,0
BRDA:216,10,0,0
BRDA:254,11,0,0
BRDA:259,12,0,0
BRDA:276,13,0,0
BRDA:276,14,0,0
BRDA:276,14,1,0
BRDA:288,15,0,0
BRDA:288,16,0,0
BRDA:288,16,1,0
BRDA:290,17,0,0
BRDA:291,18,0,0
BRDA:291,19,0,0
BRDA:291,19,1,0
BRDA:293,20,0,0
BRDA:293,21,0,0
BRDA:293,21,1,0
BRDA:294,22,0,0
BRDA:304,23,0,0
BRDA:304,24,0,0
BRDA:304,24,1,0
BRDA:306,25,0,0
BRDA:307,26,0,0
BRDA:308,27,0,0
BRDA:310,28,0,0
BRDA:310,29,0,0
BRDA:310,29,1,0
BRDA:311,30,0,0
BRDA:339,31,0,0
BRDA:339,31,1,0
BRDA:395,32,0,0
BRDA:395,32,1,0
BRDA:430,33,0,0
BRDA:430,33,1,0
BRDA:450,34,0,0
BRDA:471,35,0,0
BRDA:471,35,1,0
BRDA:476,36,0,0
BRDA:497,37,0,0
BRDA:497,37,1,0
BRDA:529,38,0,0
BRDA:529,38,1,0
BRDA:551,39,0,0
BRDA:654,40,0,0
BRDA:654,40,1,0
BRDA:690,41,0,0
BRDA:734,42,0,0
BRDA:737,43,0,0
BRDA:737,43,1,0
BRDA:763,44,0,0
BRDA:763,45,0,0
BRDA:763,45,1,0
BRDA:766,46,0,0
BRDA:792,47,0,0
BRDA:792,47,1,0
BRDA:802,48,0,0
BRDA:837,49,0,0
BRDA:837,49,1,0
BRDA:850,50,0,0
BRDA:850,50,1,0
BRDA:875,51,0,0
BRDA:875,51,1,0
BRDA:876,52,0,0
BRDA:889,53,0,0
BRDA:889,53,1,0
BRDA:890,54,0,0
BRDA:890,55,0,0
BRDA:890,55,1,0
BRDA:902,56,0,0
BRDA:902,56,1,0
BRDA:902,56,2,0
BRDA:903,57,0,0
BRDA:903,58,0,0
BRDA:903,58,1,0
BRDA:930,59,0,0
BRDA:936,60,0,0
BRDA:936,60,1,0
BRDA:939,61,0,0
BRDA:939,62,0,0
BRDA:939,62,1,0
BRDA:955,63,0,0
BRDA:961,64,0,0
BRDA:981,65,0,0
BRDA:981,65,1,0
BRDA:1000,66,0,0
BRDA:1000,66,1,0
BRDA:1023,67,0,0
BRDA:1030,68,0,0
BRDA:1043,69,0,0
BRDA:1060,70,0,0
BRDA:1060,70,1,0
BRDA:1068,71,0,0
BRF:104
BRH:0
end_of_record
TN:
SF:src/backend/resolvers/index.ts
FN:106,(anonymous_1)
FN:116,(anonymous_2)
FN:130,(anonymous_3)
FN:141,(anonymous_4)
FN:149,(anonymous_5)
FN:164,(anonymous_6)
FN:182,(anonymous_7)
FN:187,(anonymous_8)
FN:213,(anonymous_9)
FN:219,(anonymous_10)
FN:231,(anonymous_11)
FN:242,(anonymous_12)
FN:249,(anonymous_13)
FN:264,(anonymous_14)
FN:293,(anonymous_15)
FN:320,(anonymous_16)
FN:362,(anonymous_17)
FN:389,(anonymous_18)
FN:451,(anonymous_19)
FN:482,(anonymous_20)
FN:532,(anonymous_21)
FN:596,(anonymous_22)
FN:603,(anonymous_23)
FN:649,(anonymous_24)
FNF:24
FNH:24
FNDA:185,(anonymous_1)
FNDA:71,(anonymous_2)
FNDA:69,(anonymous_3)
FNDA:59,(anonymous_4)
FNDA:3,(anonymous_5)
FNDA:4,(anonymous_6)
FNDA:42,(anonymous_7)
FNDA:81,(anonymous_8)
FNDA:126,(anonymous_9)
FNDA:10,(anonymous_10)
FNDA:45,(anonymous_11)
FNDA:44,(anonymous_12)
FNDA:27,(anonymous_13)
FNDA:42,(anonymous_14)
FNDA:2,(anonymous_15)
FNDA:3,(anonymous_16)
FNDA:4,(anonymous_17)
FNDA:4,(anonymous_18)
FNDA:4,(anonymous_19)
FNDA:3,(anonymous_20)
FNDA:4,(anonymous_21)
FNDA:312,(anonymous_22)
FNDA:71,(anonymous_23)
FNDA:39,(anonymous_24)
DA:14,1
DA:20,1
DA:22,1
DA:23,1
DA:24,1
DA:25,1
DA:29,1
DA:30,1
DA:79,1
DA:82,1
DA:89,1
DA:95,1
DA:106,1
DA:108,185
DA:116,1
DA:117,71
DA:118,71
DA:119,71
DA:130,1
DA:131,69
DA:132,8
DA:134,61
DA:141,1
DA:143,59
DA:149,1
DA:150,3
DA:151,2
DA:152,1
DA:157,1
DA:164,1
DA:165,4
DA:166,3
DA:167,3
DA:168,2
DA:170,1
DA:182,1
DA:185,42
DA:187,42
DA:188,81
DA:189,81
DA:191,81
DA:192,42
DA:193,42
DA:196,39
DA:197,9
DA:200,30
DA:201,30
DA:213,126
DA:219,1
DA:220,10
DA:221,4
DA:231,1
DA:232,45
DA:233,1
DA:242,44
DA:249,27
DA:264,1
DA:269,42
DA:270,38
DA:271,38
DA:273,37
DA:281,37
DA:282,34
DA:283,34
DA:285,34
DA:293,1
DA:298,2
DA:299,1
DA:300,1
DA:302,1
DA:310,1
DA:311,1
DA:313,1
DA:320,1
DA:325,3
DA:326,3
DA:327,1
DA:328,1
DA:330,1
DA:339,1
DA:340,1
DA:341,1
DA:342,1
DA:343,1
DA:344,1
DA:346,1
DA:353,1
DA:355,1
DA:362,1
DA:367,4
DA:368,3
DA:369,3
DA:371,3
DA:379,3
DA:381,2
DA:389,1
DA:394,4
DA:395,4
DA:396,4
DA:398,2
DA:399,1
DA:402,1
DA:404,1
DA:415,1
DA:416,1
DA:432,1
DA:435,1
DA:444,1
DA:451,1
DA:456,4
DA:457,4
DA:458,2
DA:459,2
DA:461,2
DA:472,2
DA:474,2
DA:482,1
DA:487,3
DA:488,3
DA:489,3
DA:491,2
DA:499,2
DA:501,2
DA:502,2
DA:504,1
DA:505,1
DA:516,2
DA:525,2
DA:532,1
DA:537,4
DA:538,3
DA:539,3
DA:541,2
DA:549,2
DA:550,2
DA:552,2
DA:559,1
DA:579,1
DA:596,1
DA:603,312
DA:604,71
DA:605,71
DA:608,71
DA:609,5
DA:616,5
DA:619,66
DA:627,66
DA:628,66
DA:630,22
DA:631,22
DA:638,22
DA:649,1
DA:650,39
DA:651,39
DA:653,39
DA:654,312
DA:657,39
LF:157
LH:157
BRDA:131,0,0,8
BRDA:131,1,0,69
BRDA:131,1,1,66
BRDA:151,2,0,1
BRDA:165,3,0,1
BRDA:165,4,0,4
BRDA:165,4,1,3
BRDA:167,5,0,2
BRDA:167,6,0,3
BRDA:167,6,1,3
BRDA:183,7,0,0
BRDA:191,8,0,42
BRDA:191,9,0,81
BRDA:191,9,1,40
BRDA:196,10,0,9
BRDA:213,11,0,126
BRDA:213,11,1,8
BRDA:220,12,0,4
BRDA:232,13,0,1
BRDA:340,14,0,1
BRDA:340,14,1,0
BRDA:398,15,0,1
BRDA:398,16,0,2
BRDA:398,16,1,1
BRDA:419,17,0,0
BRDA:419,17,1,1
BRDA:423,18,0,1
BRDA:423,18,1,0
BRDA:427,19,0,0
BRDA:427,19,1,1
BRDA:427,20,0,1
BRDA:427,20,1,0
BRDA:474,21,0,1
BRDA:474,21,1,1
BRDA:499,22,0,2
BRDA:499,22,1,0
BRDA:504,23,0,1
BRDA:504,23,1,0
BRDA:549,24,0,2
BRDA:549,24,1,0
BRDA:608,25,0,5
BRDA:630,26,0,21
BRDA:630,26,1,1
BRF:43
BRH:34
end_of_record
TN:
SF:src/backend/resolvers/workflow-transition.ts
FN:85,(anonymous_0)
FN:98,(anonymous_1)
FN:109,(anonymous_2)
FN:122,(anonymous_3)
FN:134,(anonymous_4)
FN:149,(anonymous_5)
FN:164,(anonymous_6)
FN:201,(anonymous_7)
FN:212,(anonymous_8)
FN:219,(anonymous_9)
FN:252,(anonymous_10)
FN:294,(anonymous_11)
FN:348,(anonymous_12)
FN:432,(anonymous_13)
FN:444,(anonymous_14)
FNF:15
FNH:0
FNDA:0,(anonymous_0)
FNDA:0,(anonymous_1)
FNDA:0,(anonymous_2)
FNDA:0,(anonymous_3)
FNDA:0,(anonymous_4)
FNDA:0,(anonymous_5)
FNDA:0,(anonymous_6)
FNDA:0,(anonymous_7)
FNDA:0,(anonymous_8)
FNDA:0,(anonymous_9)
FNDA:0,(anonymous_10)
FNDA:0,(anonymous_11)
FNDA:0,(anonymous_12)
FNDA:0,(anonymous_13)
FNDA:0,(anonymous_14)
DA:19,0
DA:21,0
DA:26,0
DA:28,0
DA:67,0
DA:70,0
DA:85,0
DA:87,0
DA:98,0
DA:99,0
DA:100,0
DA:109,0
DA:110,0
DA:111,0
DA:112,0
DA:113,0
DA:114,0
DA:122,0
DA:123,0
DA:134,0
DA:135,0
DA:136,0
DA:137,0
DA:149,0
DA:152,0
DA:164,0
DA:169,0
DA:178,0
DA:179,0
DA:181,0
DA:182,0
DA:201,0
DA:202,0
DA:203,0
DA:212,0
DA:216,0
DA:218,0
DA:219,0
DA:222,0
DA:223,0
DA:224,0
DA:232,0
DA:233,0
DA:252,0
DA:253,0
DA:254,0
DA:266,0
DA:267,0
DA:294,0
DA:297,0
DA:299,0
DA:311,0
DA:312,0
DA:314,0
DA:315,0
DA:322,0
DA:323,0
DA:327,0
DA:328,0
DA:329,0
DA:336,0
DA:340,0
DA:348,0
DA:353,0
DA:355,0
DA:358,0
DA:359,0
DA:367,0
DA:371,0
DA:374,0
DA:377,0
DA:378,0
DA:386,0
DA:395,0
DA:397,0
DA:406,0
DA:414,0
DA:415,0
DA:422,0
DA:423,0
DA:432,0
DA:433,0
DA:442,0
DA:444,0
DA:447,0
DA:449,0
DA:450,0
DA:453,0
LF:88
LH:0
BRDA:99,0,0,0
BRDA:99,1,0,0
BRDA:99,1,1,0
BRDA:181,2,0,0
BRDA:181,2,1,0
BRDA:202,3,0,0
BRDA:216,4,0,0
BRDA:222,5,0,0
BRDA:222,6,0,0
BRDA:222,6,1,0
BRDA:232,7,0,0
BRDA:232,7,1,0
BRDA:266,8,0,0
BRDA:266,8,1,0
BRDA:314,9,0,0
BRDA:314,9,1,0
BRDA:328,10,0,0
BRDA:358,11,0,0
BRDA:377,12,0,0
BRDA:414,13,0,0
BRDA:414,13,1,0
BRDA:444,14,0,0
BRDA:444,14,1,0
BRDA:449,15,0,0
BRF:24
BRH:0
end_of_record
TN:
SF:src/backend/services/confluence/confluence-adapter.ts
FN:113,log
FN:138,createAbortController
FN:143,(anonymous_2)
FN:144,(anonymous_3)
FN:157,handleConfluenceError
FN:200,executeConfluenceRequest
FN:276,isAbortError
FN:281,extractMessage
FN:289,sleep
FN:290,(anonymous_9)
FN:297,isConfluenceSearchResponse
FN:310,isConfluenceContentListResponse
FN:323,isConfluencePageWithMetadata
FN:339,mapContentResultToPageData
FN:355,extractPlainTextFromStorage
FN:376,buildSearchCql
FN:407,searchPages
FN:453,getPageContent
FN:501,getPageMetadata
FN:532,(anonymous_19)
FN:553,getSpacePages
FNF:21
FNH:0
FNDA:0,log
FNDA:0,createAbortController
FNDA:0,(anonymous_2)
FNDA:0,(anonymous_3)
FNDA:0,handleConfluenceError
FNDA:0,executeConfluenceRequest
FNDA:0,isAbortError
FNDA:0,extractMessage
FNDA:0,sleep
FNDA:0,(anonymous_9)
FNDA:0,isConfluenceSearchResponse
FNDA:0,isConfluenceContentListResponse
FNDA:0,isConfluencePageWithMetadata
FNDA:0,mapContentResultToPageData
FNDA:0,extractPlainTextFromStorage
FNDA:0,buildSearchCql
FNDA:0,searchPages
FNDA:0,getPageContent
FNDA:0,getPageMetadata
FNDA:0,(anonymous_19)
FNDA:0,getSpacePages
DA:8,0
DA:10,0
DA:85,0
DA:88,0
DA:91,0
DA:98,0
DA:99,0
DA:102,0
DA:103,0
DA:119,0
DA:127,0
DA:142,0
DA:143,0
DA:144,0
DA:145,0
DA:163,0
DA:165,0
DA:166,0
DA:167,0
DA:173,0
DA:180,0
DA:208,0
DA:209,0
DA:211,0
DA:212,0
DA:216,0
DA:217,0
DA:218,0
DA:220,0
DA:221,0
DA:225,0
DA:230,0
DA:231,0
DA:234,0
DA:235,0
DA:237,0
DA:238,0
DA:244,0
DA:252,0
DA:253,0
DA:260,0
DA:261,0
DA:264,0
DA:265,0
DA:267,0
DA:277,0
DA:282,0
DA:283,0
DA:285,0
DA:290,0
DA:298,0
DA:311,0
DA:324,0
DA:340,0
DA:357,0
DA:378,0
DA:379,0
DA:381,0
DA:382,0
DA:383,0
DA:386,0
DA:407,0
DA:413,0
DA:414,0
DA:416,0
DA:418,0
DA:426,0
DA:428,0
DA:429,0
DA:436,0
DA:453,0
DA:458,0
DA:460,0
DA:462,0
DA:470,0
DA:472,0
DA:473,0
DA:480,0
DA:481,0
DA:484,0
DA:501,0
DA:506,0
DA:508,0
DA:510,0
DA:518,0
DA:520,0
DA:521,0
DA:528,0
DA:532,0
DA:553,0
DA:559,0
DA:561,0
DA:562,0
DA:564,0
DA:572,0
DA:574,0
DA:575,0
DA:582,0
LF:98
LH:0
BRDA:163,0,0,0
BRDA:163,0,1,0
BRDA:165,1,0,0
BRDA:166,2,0,0
BRDA:206,3,0,0
BRDA:212,4,0,0
BRDA:212,4,1,0
BRDA:220,5,0,0
BRDA:220,6,0,0
BRDA:220,6,1,0
BRDA:237,7,0,0
BRDA:252,8,0,0
BRDA:260,9,0,0
BRDA:277,10,0,0
BRDA:277,10,1,0
BRDA:277,10,2,0
BRDA:282,11,0,0
BRDA:299,12,0,0
BRDA:299,12,1,0
BRDA:299,12,2,0
BRDA:299,12,3,0
BRDA:312,13,0,0
BRDA:312,13,1,0
BRDA:312,13,2,0
BRDA:312,13,3,0
BRDA:325,14,0,0
BRDA:325,14,1,0
BRDA:325,14,2,0
BRDA:325,14,3,0
BRDA:325,14,4,0
BRDA:325,14,5,0
BRDA:344,15,0,0
BRDA:344,15,1,0
BRDA:345,16,0,0
BRDA:345,16,1,0
BRDA:346,17,0,0
BRDA:346,17,1,0
BRDA:381,18,0,0
BRDA:381,19,0,0
BRDA:381,19,1,0
BRDA:411,20,0,0
BRDA:428,21,0,0
BRDA:456,22,0,0
BRDA:472,23,0,0
BRDA:472,24,0,0
BRDA:472,24,1,0
BRDA:472,24,2,0
BRDA:481,25,0,0
BRDA:481,25,1,0
BRDA:481,25,2,0
BRDA:504,26,0,0
BRDA:520,27,0,0
BRDA:531,28,0,0
BRDA:531,28,1,0
BRDA:532,29,0,0
BRDA:532,29,1,0
BRDA:533,30,0,0
BRDA:533,30,1,0
BRDA:534,31,0,0
BRDA:534,31,1,0
BRDA:555,32,0,0
BRDA:557,33,0,0
BRDA:574,34,0,0
BRF:63
BRH:0
end_of_record
TN:
SF:src/backend/services/enforcement/enforcement-actions.ts
FN:68,log
FN:94,createAuditEntry
FN:123,buildBlockPRComment
FN:164,buildBlockTransitionComment
FN:180,buildApprovePRComment
FN:217,buildFlagInconsistencyComment
FN:252,requireNonEmpty
FN:265,requirePositive
FN:278,validateInconsistency
FN:288,extractProjectKey
FN:297,extractRepoOwner
FN:306,extractPrNumber
FN:324,parseGitHubIdentifier
FN:364,blockTransition
FN:413,blockPR
FN:476,addComment
FN:535,flagInconsistency
FN:588,approvePR
FN:646,executeAction
FNF:19
FNH:0
FNDA:0,log
FNDA:0,createAuditEntry
FNDA:0,buildBlockPRComment
FNDA:0,buildBlockTransitionComment
FNDA:0,buildApprovePRComment
FNDA:0,buildFlagInconsistencyComment
FNDA:0,requireNonEmpty
FNDA:0,requirePositive
FNDA:0,validateInconsistency
FNDA:0,extractProjectKey
FNDA:0,extractRepoOwner
FNDA:0,extractPrNumber
FNDA:0,parseGitHubIdentifier
FNDA:0,blockTransition
FNDA:0,blockPR
FNDA:0,addComment
FNDA:0,flagInconsistency
FNDA:0,approvePR
FNDA:0,executeAction
DA:13,0
DA:15,0
DA:16,0
DA:48,0
DA:51,0
DA:54,0
DA:74,0
DA:82,0
DA:102,0
DA:124,0
DA:131,0
DA:132,0
DA:133,0
DA:134,0
DA:135,0
DA:136,0
DA:138,0
DA:139,0
DA:140,0
DA:142,0
DA:143,0
DA:144,0
DA:145,0
DA:146,0
DA:150,0
DA:151,0
DA:152,0
DA:155,0
DA:156,0
DA:157,0
DA:165,0
DA:173,0
DA:181,0
DA:183,0
DA:184,0
DA:185,0
DA:187,0
DA:188,0
DA:189,0
DA:190,0
DA:191,0
DA:193,0
DA:194,0
DA:195,0
DA:197,0
DA:198,0
DA:199,0
DA:200,0
DA:201,0
DA:205,0
DA:206,0
DA:207,0
DA:208,0
DA:209,0
DA:210,0
DA:218,0
DA:219,0
DA:228,0
DA:229,0
DA:230,0
DA:233,0
DA:234,0
DA:235,0
DA:236,0
DA:237,0
DA:241,0
DA:253,0
DA:254,0
DA:266,0
DA:267,0
DA:279,0
DA:280,0
DA:281,0
DA:289,0
DA:290,0
DA:298,0
DA:299,0
DA:307,0
DA:308,0
DA:309,0
DA:310,0
DA:325,0
DA:326,0
DA:327,0
DA:334,0
DA:335,0
DA:337,0
DA:338,0
DA:341,0
DA:364,0
DA:371,0
DA:374,0
DA:375,0
DA:376,0
DA:378,0
DA:380,0
DA:382,0
DA:384,0
DA:386,0
DA:413,0
DA:423,0
DA:426,0
DA:427,0
DA:428,0
DA:429,0
DA:430,0
DA:432,0
DA:435,0
DA:442,0
DA:445,0
DA:446,0
DA:448,0
DA:450,0
DA:476,0
DA:484,0
DA:487,0
DA:488,0
DA:490,0
DA:492,0
DA:493,0
DA:496,0
DA:497,0
DA:504,0
DA:505,0
DA:508,0
DA:510,0
DA:535,0
DA:540,0
DA:543,0
DA:545,0
DA:551,0
DA:552,0
DA:554,0
DA:556,0
DA:588,0
DA:597,0
DA:600,0
DA:601,0
DA:602,0
DA:603,0
DA:605,0
DA:608,0
DA:615,0
DA:618,0
DA:619,0
DA:621,0
DA:623,0
DA:646,0
DA:650,0
DA:652,0
DA:654,0
DA:656,0
DA:665,0
DA:677,0
DA:687,0
DA:691,0
DA:692,0
LF:157
LH:0
BRDA:131,0,0,0
BRDA:140,1,0,0
BRDA:140,1,1,0
BRDA:144,2,0,0
BRDA:145,3,0,0
BRDA:145,3,1,0
BRDA:183,4,0,0
BRDA:183,4,1,0
BRDA:195,5,0,0
BRDA:195,5,1,0
BRDA:199,6,0,0
BRDA:200,7,0,0
BRDA:200,7,1,0
BRDA:228,8,0,0
BRDA:233,9,0,0
BRDA:233,10,0,0
BRDA:233,10,1,0
BRDA:253,11,0,0
BRDA:253,12,0,0
BRDA:253,12,1,0
BRDA:266,13,0,0
BRDA:266,14,0,0
BRDA:266,14,1,0
BRDA:290,15,0,0
BRDA:290,15,1,0
BRDA:299,16,0,0
BRDA:299,16,1,0
BRDA:308,17,0,0
BRDA:310,18,0,0
BRDA:310,18,1,0
BRDA:310,19,0,0
BRDA:310,19,1,0
BRDA:326,20,0,0
BRDA:337,21,0,0
BRDA:337,22,0,0
BRDA:337,22,1,0
BRDA:337,22,2,0
BRDA:369,23,0,0
BRDA:388,24,0,0
BRDA:388,24,1,0
BRDA:421,25,0,0
BRDA:452,26,0,0
BRDA:452,26,1,0
BRDA:481,27,0,0
BRDA:492,28,0,0
BRDA:492,28,1,0
BRDA:496,29,0,0
BRDA:512,30,0,0
BRDA:512,30,1,0
BRDA:513,31,0,0
BRDA:513,31,1,0
BRDA:517,32,0,0
BRDA:517,32,1,0
BRDA:518,33,0,0
BRDA:518,33,1,0
BRDA:538,34,0,0
BRDA:558,35,0,0
BRDA:558,35,1,0
BRDA:595,36,0,0
BRDA:625,37,0,0
BRDA:625,37,1,0
BRDA:654,38,0,0
BRDA:654,38,1,0
BRDA:654,38,2,0
BRDA:654,38,3,0
BRDA:654,38,4,0
BRDA:679,39,0,0
BRDA:679,39,1,0
BRDA:683,40,0,0
BRDA:683,40,1,0
BRF:70
BRH:0
end_of_record
TN:
SF:src/backend/services/evaluation/evaluation-pipeline.ts
FN:85,(anonymous_0)
FN:94,(anonymous_1)
FN:103,(anonymous_2)
FN:112,(anonymous_3)
FN:121,(anonymous_4)
FN:139,(anonymous_5)
FN:173,(anonymous_6)
FN:194,(anonymous_7)
FN:220,(anonymous_8)
FN:256,(anonymous_9)
FN:280,(anonymous_10)
FN:323,(anonymous_11)
FN:325,(anonymous_12)
FN:326,(anonymous_13)
FN:331,(anonymous_14)
FN:356,(anonymous_15)
FN:416,(anonymous_16)
FNF:17
FNH:0
FNDA:0,(anonymous_0)
FNDA:0,(anonymous_1)
FNDA:0,(anonymous_2)
FNDA:0,(anonymous_3)
FNDA:0,(anonymous_4)
FNDA:0,(anonymous_5)
FNDA:0,(anonymous_6)
FNDA:0,(anonymous_7)
FNDA:0,(anonymous_8)
FNDA:0,(anonymous_9)
FNDA:0,(anonymous_10)
FNDA:0,(anonymous_11)
FNDA:0,(anonymous_12)
FNDA:0,(anonymous_13)
FNDA:0,(anonymous_14)
FNDA:0,(anonymous_15)
FNDA:0,(anonymous_16)
DA:21,1
DA:23,1
DA:24,1
DA:25,1
DA:26,1
DA:27,1
DA:64,1
DA:67,1
DA:70,1
DA:85,1
DA:86,0
DA:87,0
DA:88,0
DA:94,1
DA:95,0
DA:96,0
DA:103,1
DA:104,0
DA:112,1
DA:113,0
DA:114,0
DA:121,1
DA:122,0
DA:130,0
DA:139,1
DA:144,0
DA:145,0
DA:154,0
DA:156,0
DA:157,0
DA:165,0
DA:173,1
DA:178,0
DA:187,0
DA:194,1
DA:199,0
DA:208,0
DA:213,0
DA:220,1
DA:228,0
DA:238,0
DA:245,0
DA:246,0
DA:248,0
DA:256,1
DA:262,0
DA:280,1
DA:287,0
DA:289,0
DA:296,0
DA:305,0
DA:323,1
DA:325,0
DA:326,0
DA:327,0
DA:331,0
DA:332,0
DA:356,1
DA:362,0
DA:363,0
DA:366,0
DA:367,0
DA:368,0
DA:370,0
DA:371,0
DA:378,0
DA:381,0
DA:391,0
DA:392,0
DA:397,0
DA:399,0
DA:400,0
DA:408,0
DA:416,1
DA:424,0
DA:427,0
DA:430,0
DA:433,0
DA:436,0
DA:446,0
DA:454,0
DA:467,0
LF:82
LH:23
BRDA:95,0,0,0
BRDA:95,1,0,0
BRDA:95,1,1,0
BRDA:114,2,0,0
BRDA:114,2,1,0
BRDA:156,3,0,0
BRDA:156,3,1,0
BRDA:362,4,0,0
BRDA:362,4,1,0
BRDA:370,5,0,0
BRDA:370,5,1,0
BRDA:399,6,0,0
BRDA:399,6,1,0
BRF:13
BRH:0
end_of_record
TN:
SF:src/backend/services/github/github-adapter.ts
FN:102,log
FN:128,createAbortController
FN:133,(anonymous_2)
FN:134,(anonymous_3)
FN:149,handleGitHubError
FN:201,isAbortError
FN:206,extractMessage
FN:214,sleep
FN:215,(anonymous_8)
FN:222,buildUrl
FN:230,parseLinkHeader
FN:249,buildAuthHeaders
FN:265,checkRateLimitQuota
FN:287,shouldRetry
FN:325,executeGitHubRequest
FN:418,hasStringProp
FN:426,hasNumberProp
FN:434,hasObjectProp
FN:445,isGitHubPRResponse
FN:460,isGitHubPRFileResponse
FN:479,mapPRResponseToDomain
FN:497,mapPRFileResponseToDomain
FN:532,createStatusCheck
FN:578,createPRComment
FN:619,getPRData
FN:665,extractJiraKeysFromPR
FN:705,updateStatusCheck
FN:754,listPRFiles
FNF:28
FNH:0
FNDA:0,log
FNDA:0,createAbortController
FNDA:0,(anonymous_2)
FNDA:0,(anonymous_3)
FNDA:0,handleGitHubError
FNDA:0,isAbortError
FNDA:0,extractMessage
FNDA:0,sleep
FNDA:0,(anonymous_8)
FNDA:0,buildUrl
FNDA:0,parseLinkHeader
FNDA:0,buildAuthHeaders
FNDA:0,checkRateLimitQuota
FNDA:0,shouldRetry
FNDA:0,executeGitHubRequest
FNDA:0,hasStringProp
FNDA:0,hasNumberProp
FNDA:0,hasObjectProp
FNDA:0,isGitHubPRResponse
FNDA:0,isGitHubPRFileResponse
FNDA:0,mapPRResponseToDomain
FNDA:0,mapPRFileResponseToDomain
FNDA:0,createStatusCheck
FNDA:0,createPRComment
FNDA:0,getPRData
FNDA:0,extractJiraKeysFromPR
FNDA:0,updateStatusCheck
FNDA:0,listPRFiles
DA:9,0
DA:11,0
DA:62,0
DA:65,0
DA:68,0
DA:71,0
DA:74,0
DA:81,0
DA:82,0
DA:83,0
DA:84,0
DA:85,0
DA:88,0
DA:91,0
DA:108,0
DA:116,0
DA:132,0
DA:133,0
DA:134,0
DA:135,0
DA:155,0
DA:157,0
DA:158,0
DA:165,0
DA:166,0
DA:173,0
DA:174,0
DA:181,0
DA:182,0
DA:189,0
DA:202,0
DA:207,0
DA:208,0
DA:210,0
DA:215,0
DA:223,0
DA:231,0
DA:233,0
DA:234,0
DA:235,0
DA:237,0
DA:250,0
DA:266,0
DA:267,0
DA:269,0
DA:270,0
DA:271,0
DA:272,0
DA:273,0
DA:294,0
DA:295,0
DA:296,0
DA:299,0
DA:303,0
DA:304,0
DA:310,0
DA:311,0
DA:334,0
DA:336,0
DA:337,0
DA:345,0
DA:346,0
DA:347,0
DA:352,0
DA:357,0
DA:358,0
DA:362,0
DA:365,0
DA:368,0
DA:369,0
DA:372,0
DA:373,0
DA:375,0
DA:376,0
DA:382,0
DA:390,0
DA:391,0
DA:398,0
DA:400,0
DA:403,0
DA:404,0
DA:406,0
DA:419,0
DA:427,0
DA:435,0
DA:436,0
DA:446,0
DA:447,0
DA:461,0
DA:480,0
DA:481,0
DA:498,0
DA:499,0
DA:503,0
DA:532,0
DA:540,0
DA:541,0
DA:544,0
DA:551,0
DA:578,0
DA:586,0
DA:587,0
DA:589,0
DA:619,0
DA:626,0
DA:627,0
DA:630,0
DA:639,0
DA:641,0
DA:642,0
DA:650,0
DA:652,0
DA:665,0
DA:666,0
DA:669,0
DA:670,0
DA:672,0
DA:673,0
DA:677,0
DA:678,0
DA:679,0
DA:680,0
DA:681,0
DA:682,0
DA:685,0
DA:705,0
DA:714,0
DA:717,0
DA:719,0
DA:720,0
DA:721,0
DA:722,0
DA:723,0
DA:725,0
DA:727,0
DA:754,0
DA:761,0
DA:762,0
DA:763,0
DA:767,0
DA:768,0
DA:777,0
DA:779,0
DA:780,0
DA:787,0
DA:788,0
DA:789,0
DA:790,0
DA:792,0
DA:796,0
DA:797,0
DA:798,0
DA:801,0
LF:153
LH:0
BRDA:155,0,0,0
BRDA:155,0,1,0
BRDA:157,1,0,0
BRDA:165,2,0,0
BRDA:173,3,0,0
BRDA:181,4,0,0
BRDA:202,5,0,0
BRDA:202,5,1,0
BRDA:202,5,2,0
BRDA:207,6,0,0
BRDA:231,7,0,0
BRDA:234,8,0,0
BRDA:269,9,0,0
BRDA:269,10,0,0
BRDA:269,10,1,0
BRDA:272,11,0,0
BRDA:294,12,0,0
BRDA:294,12,1,0
BRDA:295,13,0,0
BRDA:295,14,0,0
BRDA:295,14,1,0
BRDA:303,15,0,0
BRDA:303,15,1,0
BRDA:332,16,0,0
BRDA:339,17,0,0
BRDA:339,17,1,0
BRDA:353,18,0,0
BRDA:353,18,1,0
BRDA:357,19,0,0
BRDA:368,20,0,0
BRDA:375,21,0,0
BRDA:390,22,0,0
BRDA:398,23,0,0
BRDA:419,24,0,0
BRDA:419,24,1,0
BRDA:427,25,0,0
BRDA:427,25,1,0
BRDA:436,26,0,0
BRDA:436,26,1,0
BRDA:436,26,2,0
BRDA:446,27,0,0
BRDA:446,28,0,0
BRDA:446,28,1,0
BRDA:448,29,0,0
BRDA:448,29,1,0
BRDA:448,29,2,0
BRDA:448,29,3,0
BRDA:448,29,4,0
BRDA:462,30,0,0
BRDA:462,30,1,0
BRDA:462,30,2,0
BRDA:462,30,3,0
BRDA:462,30,4,0
BRDA:462,30,5,0
BRDA:462,30,6,0
BRDA:462,30,7,0
BRDA:462,30,8,0
BRDA:462,30,9,0
BRDA:480,31,0,0
BRDA:480,31,1,0
BRDA:484,32,0,0
BRDA:484,32,1,0
BRDA:499,33,0,0
BRDA:499,33,1,0
BRDA:538,34,0,0
BRDA:548,35,0,0
BRDA:548,35,1,0
BRDA:584,36,0,0
BRDA:624,37,0,0
BRDA:641,38,0,0
BRDA:672,39,0,0
BRDA:680,40,0,0
BRDA:712,41,0,0
BRDA:720,42,0,0
BRDA:721,43,0,0
BRDA:722,44,0,0
BRDA:723,45,0,0
BRDA:759,46,0,0
BRDA:779,47,0,0
BRDA:788,48,0,0
BRF:80
BRH:0
end_of_record
TN:
SF:src/backend/services/jira/jira-adapter.ts
FN:100,log
FN:126,createAbortController
FN:131,(anonymous_2)
FN:132,(anonymous_3)
FN:145,handleJiraError
FN:189,executeJiraRequest
FN:267,isAbortError
FN:272,extractMessage
FN:280,sleep
FN:281,(anonymous_9)
FN:289,isJiraIssueResponse
FN:306,mapIssueToTicketData
FN:328,mapTransitionResponse
FN:354,getTicketData
FN:397,getProjectConfig
FN:440,saveProjectConfig
FN:476,transitionIssue
FN:514,getTransitions
FN:557,addComment
FN:593,getIssueStatus
FN:632,validateTransitionResponse
FN:665,isTransitionError
FN:677,isTransitionsResponse
FN:692,parseProjectConfig
FN:719,isValidProjectConfig
FN:732,createDefaultProjectConfig
FNF:26
FNH:0
FNDA:0,log
FNDA:0,createAbortController
FNDA:0,(anonymous_2)
FNDA:0,(anonymous_3)
FNDA:0,handleJiraError
FNDA:0,executeJiraRequest
FNDA:0,isAbortError
FNDA:0,extractMessage
FNDA:0,sleep
FNDA:0,(anonymous_9)
FNDA:0,isJiraIssueResponse
FNDA:0,mapIssueToTicketData
FNDA:0,mapTransitionResponse
FNDA:0,getTicketData
FNDA:0,getProjectConfig
FNDA:0,saveProjectConfig
FNDA:0,transitionIssue
FNDA:0,getTransitions
FNDA:0,addComment
FNDA:0,getIssueStatus
FNDA:0,validateTransitionResponse
FNDA:0,isTransitionError
FNDA:0,isTransitionsResponse
FNDA:0,parseProjectConfig
FNDA:0,isValidProjectConfig
FNDA:0,createDefaultProjectConfig
DA:8,1
DA:11,1
DA:75,1
DA:78,1
DA:81,1
DA:88,1
DA:89,1
DA:90,1
DA:106,0
DA:114,0
DA:130,0
DA:131,0
DA:132,0
DA:133,0
DA:151,0
DA:153,0
DA:154,0
DA:161,0
DA:162,0
DA:169,0
DA:197,0
DA:198,0
DA:200,0
DA:201,0
DA:205,0
DA:206,0
DA:207,0
DA:209,0
DA:210,0
DA:214,0
DA:219,0
DA:220,0
DA:223,0
DA:224,0
DA:226,0
DA:227,0
DA:233,0
DA:243,0
DA:244,0
DA:251,0
DA:252,0
DA:255,0
DA:256,0
DA:258,0
DA:268,0
DA:273,0
DA:274,0
DA:276,0
DA:281,0
DA:290,0
DA:307,0
DA:308,0
DA:329,0
DA:354,1
DA:359,0
DA:361,0
DA:363,0
DA:371,0
DA:373,0
DA:374,0
DA:381,0
DA:397,1
DA:402,0
DA:403,0
DA:405,0
DA:406,0
DA:414,0
DA:415,0
DA:417,0
DA:418,0
DA:422,0
DA:424,0
DA:440,1
DA:445,0
DA:446,0
DA:448,0
DA:476,1
DA:482,0
DA:483,0
DA:485,0
DA:497,0
DA:514,1
DA:519,0
DA:520,0
DA:522,0
DA:530,0
DA:532,0
DA:533,0
DA:540,0
DA:557,1
DA:563,0
DA:564,0
DA:566,0
DA:593,1
DA:598,0
DA:600,0
DA:602,0
DA:610,0
DA:612,0
DA:613,0
DA:620,0
DA:637,0
DA:638,0
DA:639,0
DA:642,0
DA:643,0
DA:644,0
DA:647,0
DA:648,0
DA:649,0
DA:650,0
DA:657,0
DA:658,0
DA:668,0
DA:680,0
DA:697,0
DA:698,0
DA:705,0
DA:707,0
DA:708,0
DA:715,0
DA:720,0
DA:721,0
DA:722,0
DA:733,0
LF:125
LH:15
BRDA:151,0,0,0
BRDA:151,0,1,0
BRDA:153,1,0,0
BRDA:161,2,0,0
BRDA:195,3,0,0
BRDA:201,4,0,0
BRDA:201,4,1,0
BRDA:209,5,0,0
BRDA:209,6,0,0
BRDA:209,6,1,0
BRDA:226,7,0,0
BRDA:243,8,0,0
BRDA:251,9,0,0
BRDA:268,10,0,0
BRDA:268,10,1,0
BRDA:268,10,2,0
BRDA:273,11,0,0
BRDA:291,12,0,0
BRDA:291,12,1,0
BRDA:291,12,2,0
BRDA:291,12,3,0
BRDA:291,12,4,0
BRDA:291,12,5,0
BRDA:291,12,6,0
BRDA:311,13,0,0
BRDA:311,13,1,0
BRDA:357,14,0,0
BRDA:373,15,0,0
BRDA:400,16,0,0
BRDA:417,17,0,0
BRDA:443,18,0,0
BRDA:480,19,0,0
BRDA:517,20,0,0
BRDA:532,21,0,0
BRDA:561,22,0,0
BRDA:596,23,0,0
BRDA:612,24,0,0
BRDA:638,25,0,0
BRDA:638,26,0,0
BRDA:638,26,1,0
BRDA:643,27,0,0
BRDA:649,28,0,0
BRDA:657,29,0,0
BRDA:669,30,0,0
BRDA:669,30,1,0
BRDA:669,30,2,0
BRDA:669,30,3,0
BRDA:681,31,0,0
BRDA:681,31,1,0
BRDA:681,31,2,0
BRDA:681,31,3,0
BRDA:697,32,0,0
BRDA:697,33,0,0
BRDA:697,33,1,0
BRDA:697,33,2,0
BRDA:707,34,0,0
BRDA:720,35,0,0
BRDA:720,36,0,0
BRDA:720,36,1,0
BRDA:723,37,0,0
BRDA:723,37,1,0
BRDA:723,37,2,0
BRDA:723,37,3,0
BRDA:723,37,4,0
BRF:64
BRH:0
end_of_record
TN:
SF:src/backend/services/rovo/rovo-adapter.ts
FN:153,log
FN:179,createAbortController
FN:184,(anonymous_2)
FN:185,(anonymous_3)
FN:194,isAbortError
FN:199,extractMessage
FN:207,sleep
FN:208,(anonymous_7)
FN:212,capLimit
FN:221,isRovoSearchResponse
FN:231,isValidRovoDocument
FN:244,isValidHistoricalDecision
FN:257,isJiraSearchResponse
FN:264,isJiraSearchIssue
FN:275,isConfluenceSearchResponse
FN:282,isConfluencePage
FN:289,isRovoValidationResponse
FN:304,mapToRovoDocument
FN:319,mapToHistoricalDecision
FN:337,mapConfluencePageToDocument
FN:348,mapConfluencePageToDecision
FN:359,extractDocuments
FN:360,(anonymous_22)
FN:364,extractDecisions
FN:365,(anonymous_24)
FN:371,extractTicketKeys
FN:372,(anonymous_26)
FN:384,executeRovoRequest
FN:454,executeJiraRequest
FN:495,executeConfluenceRequest
FN:541,callRovoSearch
FN:597,fallbackJiraSearch
FN:621,(anonymous_32)
FN:632,fallbackRelatedTicketsByLabels
FN:642,(anonymous_34)
FN:659,(anonymous_35)
FN:672,fallbackConfluenceSearch
FN:685,(anonymous_37)
FN:696,collectConfluencePages
FN:732,fetchConfluencePage
FN:776,extractCursorFromUrl
FN:785,fallbackDecisionSearch
FN:818,fetchTicketFields
FN:859,extractKeywords
FN:863,(anonymous_44)
FN:877,performRuleBasedValidation
FN:887,(anonymous_46)
FN:889,(anonymous_47)
FN:892,(anonymous_48)
FN:904,(anonymous_49)
FN:905,(anonymous_50)
FN:945,getContext
FN:978,(anonymous_52)
FN:981,(anonymous_53)
FN:1005,getRelatedTickets
FN:1025,(anonymous_55)
FN:1058,getDocumentation
FN:1093,getHistoricalDecisions
FN:1132,validateConsistency
FN:1157,callRovoValidation
FN:1188,(anonymous_60)
FN:1211,checkQuota
FNF:62
FNH:0
FNDA:0,log
FNDA:0,createAbortController
FNDA:0,(anonymous_2)
FNDA:0,(anonymous_3)
FNDA:0,isAbortError
FNDA:0,extractMessage
FNDA:0,sleep
FNDA:0,(anonymous_7)
FNDA:0,capLimit
FNDA:0,isRovoSearchResponse
FNDA:0,isValidRovoDocument
FNDA:0,isValidHistoricalDecision
FNDA:0,isJiraSearchResponse
FNDA:0,isJiraSearchIssue
FNDA:0,isConfluenceSearchResponse
FNDA:0,isConfluencePage
FNDA:0,isRovoValidationResponse
FNDA:0,mapToRovoDocument
FNDA:0,mapToHistoricalDecision
FNDA:0,mapConfluencePageToDocument
FNDA:0,mapConfluencePageToDecision
FNDA:0,extractDocuments
FNDA:0,(anonymous_22)
FNDA:0,extractDecisions
FNDA:0,(anonymous_24)
FNDA:0,extractTicketKeys
FNDA:0,(anonymous_26)
FNDA:0,executeRovoRequest
FNDA:0,executeJiraRequest
FNDA:0,executeConfluenceRequest
FNDA:0,callRovoSearch
FNDA:0,fallbackJiraSearch
FNDA:0,(anonymous_32)
FNDA:0,fallbackRelatedTicketsByLabels
FNDA:0,(anonymous_34)
FNDA:0,(anonymous_35)
FNDA:0,fallbackConfluenceSearch
FNDA:0,(anonymous_37)
FNDA:0,collectConfluencePages
FNDA:0,fetchConfluencePage
FNDA:0,extractCursorFromUrl
FNDA:0,fallbackDecisionSearch
FNDA:0,fetchTicketFields
FNDA:0,extractKeywords
FNDA:0,(anonymous_44)
FNDA:0,performRuleBasedValidation
FNDA:0,(anonymous_46)
FNDA:0,(anonymous_47)
FNDA:0,(anonymous_48)
FNDA:0,(anonymous_49)
FNDA:0,(anonymous_50)
FNDA:0,getContext
FNDA:0,(anonymous_52)
FNDA:0,(anonymous_53)
FNDA:0,getRelatedTickets
FNDA:0,(anonymous_55)
FNDA:0,getDocumentation
FNDA:0,getHistoricalDecisions
FNDA:0,validateConsistency
FNDA:0,callRovoValidation
FNDA:0,(anonymous_60)
FNDA:0,checkQuota
DA:9,1
DA:16,1
DA:120,1
DA:123,1
DA:126,1
DA:129,1
DA:132,1
DA:135,1
DA:142,1
DA:159,0
DA:167,0
DA:183,0
DA:184,0
DA:185,0
DA:186,0
DA:195,0
DA:200,0
DA:201,0
DA:203,0
DA:208,0
DA:213,0
DA:222,0
DA:223,0
DA:224,0
DA:225,0
DA:226,0
DA:227,0
DA:232,0
DA:233,0
DA:234,0
DA:245,0
DA:246,0
DA:247,0
DA:258,0
DA:259,0
DA:260,0
DA:265,0
DA:266,0
DA:267,0
DA:276,0
DA:277,0
DA:278,0
DA:283,0
DA:284,0
DA:285,0
DA:290,0
DA:291,0
DA:292,0
DA:305,0
DA:306,0
DA:308,0
DA:309,0
DA:323,0
DA:324,0
DA:326,0
DA:327,0
DA:338,0
DA:349,0
DA:360,0
DA:365,0
DA:366,0
DA:372,0
DA:392,0
DA:393,0
DA:395,0
DA:396,0
DA:399,0
DA:400,0
DA:401,0
DA:403,0
DA:404,0
DA:408,0
DA:413,0
DA:414,0
DA:417,0
DA:418,0
DA:420,0
DA:421,0
DA:427,0
DA:435,0
DA:436,0
DA:443,0
DA:444,0
DA:446,0
DA:461,0
DA:462,0
DA:464,0
DA:465,0
DA:470,0
DA:471,0
DA:472,0
DA:474,0
DA:475,0
DA:481,0
DA:487,0
DA:502,0
DA:503,0
DA:505,0
DA:506,0
DA:511,0
DA:512,0
DA:513,0
DA:515,0
DA:516,0
DA:522,0
DA:528,0
DA:547,0
DA:548,0
DA:550,0
DA:551,0
DA:559,0
DA:560,0
DA:565,0
DA:568,0
DA:570,0
DA:571,0
DA:575,0
DA:578,0
DA:580,0
DA:585,0
DA:603,0
DA:604,0
DA:605,0
DA:607,0
DA:608,0
DA:616,0
DA:618,0
DA:619,0
DA:621,0
DA:623,0
DA:624,0
DA:639,0
DA:641,0
DA:642,0
DA:643,0
DA:645,0
DA:646,0
DA:654,0
DA:656,0
DA:657,0
DA:659,0
DA:661,0
DA:662,0
DA:679,0
DA:680,0
DA:681,0
DA:683,0
DA:684,0
DA:685,0
DA:686,0
DA:689,0
DA:703,0
DA:705,0
DA:707,0
DA:708,0
DA:709,0
DA:718,0
DA:719,0
DA:721,0
DA:722,0
DA:725,0
DA:740,0
DA:741,0
DA:742,0
DA:745,0
DA:746,0
DA:754,0
DA:756,0
DA:757,0
DA:759,0
DA:763,0
DA:765,0
DA:767,0
DA:768,0
DA:777,0
DA:778,0
DA:790,0
DA:791,0
DA:793,0
DA:794,0
DA:802,0
DA:804,0
DA:805,0
DA:807,0
DA:809,0
DA:810,0
DA:823,0
DA:825,0
DA:826,0
DA:834,0
DA:836,0
DA:838,0
DA:839,0
DA:841,0
DA:846,0
DA:847,0
DA:860,0
DA:863,0
DA:881,0
DA:882,0
DA:883,0
DA:886,0
DA:887,0
DA:888,0
DA:889,0
DA:892,0
DA:893,0
DA:894,0
DA:895,0
DA:896,0
DA:900,0
DA:901,0
DA:904,0
DA:905,0
DA:906,0
DA:907,0
DA:908,0
DA:909,0
DA:913,0
DA:914,0
DA:915,0
DA:918,0
DA:919,0
DA:921,0
DA:945,1
DA:951,0
DA:952,0
DA:954,0
DA:957,0
DA:959,0
DA:960,0
DA:961,0
DA:962,0
DA:964,0
DA:974,0
DA:976,0
DA:978,0
DA:981,0
DA:985,0
DA:1005,1
DA:1010,0
DA:1011,0
DA:1013,0
DA:1016,0
DA:1017,0
DA:1018,0
DA:1021,0
DA:1022,0
DA:1024,0
DA:1025,0
DA:1026,0
DA:1030,0
DA:1032,0
DA:1033,0
DA:1043,0
DA:1058,1
DA:1064,0
DA:1065,0
DA:1067,0
DA:1070,0
DA:1072,0
DA:1073,0
DA:1077,0
DA:1079,0
DA:1093,1
DA:1098,0
DA:1099,0
DA:1101,0
DA:1104,0
DA:1111,0
DA:1112,0
DA:1116,0
DA:1118,0
DA:1132,1
DA:1137,0
DA:1139,0
DA:1142,0
DA:1143,0
DA:1144,0
DA:1148,0
DA:1150,0
DA:1162,0
DA:1163,0
DA:1165,0
DA:1166,0
DA:1181,0
DA:1183,0
DA:1185,0
DA:1187,0
DA:1188,0
DA:1191,0
DA:1198,0
DA:1199,0
DA:1211,1
DA:1212,0
DA:1213,0
DA:1214,0
DA:1217,0
DA:1218,0
DA:1223,0
DA:1225,0
DA:1231,0
DA:1235,0
DA:1236,0
DA:1242,0
DA:1248,0
DA:1252,0
DA:1253,0
DA:1254,0
DA:1260,0
DA:1266,0
LF:311
LH:15
BRDA:195,0,0,0
BRDA:195,0,1,0
BRDA:195,0,2,0
BRDA:200,1,0,0
BRDA:222,2,0,0
BRDA:222,3,0,0
BRDA:222,3,1,0
BRDA:224,4,0,0
BRDA:224,5,0,0
BRDA:224,5,1,0
BRDA:225,6,0,0
BRDA:225,7,0,0
BRDA:225,7,1,0
BRDA:226,8,0,0
BRDA:226,9,0,0
BRDA:226,9,1,0
BRDA:232,10,0,0
BRDA:232,11,0,0
BRDA:232,11,1,0
BRDA:235,12,0,0
BRDA:235,12,1,0
BRDA:235,12,2,0
BRDA:235,12,3,0
BRDA:235,12,4,0
BRDA:245,13,0,0
BRDA:245,14,0,0
BRDA:245,14,1,0
BRDA:248,15,0,0
BRDA:248,15,1,0
BRDA:248,15,2,0
BRDA:248,15,3,0
BRDA:248,15,4,0
BRDA:258,16,0,0
BRDA:258,17,0,0
BRDA:258,17,1,0
BRDA:260,18,0,0
BRDA:260,18,1,0
BRDA:265,19,0,0
BRDA:265,20,0,0
BRDA:265,20,1,0
BRDA:268,21,0,0
BRDA:268,21,1,0
BRDA:268,21,2,0
BRDA:276,22,0,0
BRDA:276,23,0,0
BRDA:276,23,1,0
BRDA:278,24,0,0
BRDA:278,24,1,0
BRDA:283,25,0,0
BRDA:283,26,0,0
BRDA:283,26,1,0
BRDA:290,27,0,0
BRDA:290,28,0,0
BRDA:290,28,1,0
BRDA:293,29,0,0
BRDA:293,29,1,0
BRDA:293,29,2,0
BRDA:293,29,3,0
BRDA:304,30,0,0
BRDA:305,31,0,0
BRDA:305,32,0,0
BRDA:305,32,1,0
BRDA:310,33,0,0
BRDA:310,33,1,0
BRDA:311,34,0,0
BRDA:311,34,1,0
BRDA:312,35,0,0
BRDA:312,35,1,0
BRDA:313,36,0,0
BRDA:313,36,1,0
BRDA:314,37,0,0
BRDA:314,37,1,0
BRDA:321,38,0,0
BRDA:323,39,0,0
BRDA:323,40,0,0
BRDA:323,40,1,0
BRDA:328,41,0,0
BRDA:328,41,1,0
BRDA:329,42,0,0
BRDA:329,42,1,0
BRDA:330,43,0,0
BRDA:330,43,1,0
BRDA:331,44,0,0
BRDA:331,44,1,0
BRDA:332,45,0,0
BRDA:332,45,1,0
BRDA:340,46,0,0
BRDA:340,46,1,0
BRDA:341,47,0,0
BRDA:341,47,1,0
BRDA:351,48,0,0
BRDA:351,48,1,0
BRDA:352,49,0,0
BRDA:352,49,1,0
BRDA:360,50,0,0
BRDA:360,50,1,0
BRDA:366,51,0,0
BRDA:366,51,1,0
BRDA:390,52,0,0
BRDA:396,53,0,0
BRDA:396,53,1,0
BRDA:403,54,0,0
BRDA:403,55,0,0
BRDA:403,55,1,0
BRDA:420,56,0,0
BRDA:435,57,0,0
BRDA:467,58,0,0
BRDA:467,58,1,0
BRDA:474,59,0,0
BRDA:508,60,0,0
BRDA:508,60,1,0
BRDA:515,61,0,0
BRDA:559,62,0,0
BRDA:570,63,0,0
BRDA:616,64,0,0
BRDA:619,65,0,0
BRDA:621,66,0,0
BRDA:621,66,1,0
BRDA:639,67,0,0
BRDA:654,68,0,0
BRDA:657,69,0,0
BRDA:659,70,0,0
BRDA:659,70,1,0
BRDA:677,71,0,0
BRDA:684,72,0,0
BRDA:684,73,0,0
BRDA:684,73,1,0
BRDA:722,74,0,0
BRDA:722,75,0,0
BRDA:722,75,1,0
BRDA:741,76,0,0
BRDA:754,77,0,0
BRDA:757,78,0,0
BRDA:759,79,0,0
BRDA:759,79,1,0
BRDA:763,80,0,0
BRDA:763,80,1,0
BRDA:802,81,0,0
BRDA:805,82,0,0
BRDA:807,83,0,0
BRDA:807,83,1,0
BRDA:834,84,0,0
BRDA:838,85,0,0
BRDA:838,86,0,0
BRDA:838,86,1,0
BRDA:838,86,2,0
BRDA:842,87,0,0
BRDA:842,87,1,0
BRDA:843,88,0,0
BRDA:843,88,1,0
BRDA:893,89,0,0
BRDA:893,89,1,0
BRDA:895,90,0,0
BRDA:906,91,0,0
BRDA:906,91,1,0
BRDA:908,92,0,0
BRDA:913,93,0,0
BRDA:918,94,0,0
BRDA:918,94,1,0
BRDA:919,95,0,0
BRDA:919,95,1,0
BRDA:949,96,0,0
BRDA:959,97,0,0
BRDA:960,98,0,0
BRDA:960,98,1,0
BRDA:961,99,0,0
BRDA:961,99,1,0
BRDA:962,100,0,0
BRDA:962,100,1,0
BRDA:1008,101,0,0
BRDA:1017,102,0,0
BRDA:1017,102,1,0
BRDA:1018,103,0,0
BRDA:1018,103,1,0
BRDA:1021,104,0,0
BRDA:1021,104,1,0
BRDA:1024,105,0,0
BRDA:1024,106,0,0
BRDA:1024,106,1,0
BRDA:1032,107,0,0
BRDA:1062,108,0,0
BRDA:1072,109,0,0
BRDA:1072,110,0,0
BRDA:1072,110,1,0
BRDA:1096,111,0,0
BRDA:1111,112,0,0
BRDA:1111,113,0,0
BRDA:1111,113,1,0
BRDA:1143,114,0,0
BRDA:1181,115,0,0
BRDA:1185,116,0,0
BRDA:1187,117,0,0
BRDA:1187,117,1,0
BRDA:1192,118,0,0
BRDA:1192,118,1,0
BRDA:1194,119,0,0
BRDA:1194,119,1,0
BRDA:1217,120,0,0
BRDA:1235,121,0,0
BRF:199
BRH:0
end_of_record
TN:
SF:src/backend/services/scoring/inconsistency-detector.ts
FN:76,(anonymous_0)
FN:85,(anonymous_1)
FN:91,(anonymous_2)
FN:96,(anonymous_3)
FN:99,(anonymous_4)
FN:108,(anonymous_5)
FN:122,(anonymous_6)
FN:150,(anonymous_7)
FN:209,(anonymous_8)
FN:230,(anonymous_9)
FN:231,(anonymous_10)
FN:259,(anonymous_11)
FN:304,(anonymous_12)
FN:309,(anonymous_13)
FN:314,(anonymous_14)
FN:343,(anonymous_15)
FN:371,(anonymous_16)
FN:400,(anonymous_17)
FN:416,(anonymous_18)
FN:430,(anonymous_19)
FN:452,(anonymous_20)
FNF:21
FNH:0
FNDA:0,(anonymous_0)
FNDA:0,(anonymous_1)
FNDA:0,(anonymous_2)
FNDA:0,(anonymous_3)
FNDA:0,(anonymous_4)
FNDA:0,(anonymous_5)
FNDA:0,(anonymous_6)
FNDA:0,(anonymous_7)
FNDA:0,(anonymous_8)
FNDA:0,(anonymous_9)
FNDA:0,(anonymous_10)
FNDA:0,(anonymous_11)
FNDA:0,(anonymous_12)
FNDA:0,(anonymous_13)
FNDA:0,(anonymous_14)
FNDA:0,(anonymous_15)
FNDA:0,(anonymous_16)
FNDA:0,(anonymous_17)
FNDA:0,(anonymous_18)
FNDA:0,(anonymous_19)
FNDA:0,(anonymous_20)
DA:11,1
DA:33,1
DA:65,1
DA:76,1
DA:82,0
DA:83,0
DA:85,0
DA:86,0
DA:87,0
DA:91,1
DA:92,0
DA:96,1
DA:99,1
DA:100,0
DA:101,0
DA:102,0
DA:104,0
DA:108,1
DA:109,0
DA:110,0
DA:111,0
DA:112,0
DA:114,0
DA:122,1
DA:123,0
DA:124,0
DA:126,0
DA:127,0
DA:129,0
DA:130,0
DA:132,0
DA:133,0
DA:136,0
DA:137,0
DA:138,0
DA:150,1
DA:155,0
DA:156,0
DA:157,0
DA:159,0
DA:160,0
DA:161,0
DA:163,0
DA:164,0
DA:172,0
DA:176,0
DA:177,0
DA:178,0
DA:179,0
DA:181,0
DA:182,0
DA:183,0
DA:185,0
DA:186,0
DA:195,0
DA:201,0
DA:209,1
DA:213,0
DA:215,0
DA:217,0
DA:218,0
DA:228,0
DA:230,0
DA:231,0
DA:233,0
DA:234,0
DA:235,0
DA:236,0
DA:237,0
DA:238,0
DA:246,0
DA:248,0
DA:251,0
DA:259,1
DA:263,0
DA:264,0
DA:267,0
DA:269,0
DA:273,0
DA:274,0
DA:282,0
DA:286,0
DA:287,0
DA:295,0
DA:302,0
DA:304,0
DA:309,0
DA:314,0
DA:320,0
DA:321,0
DA:322,0
DA:323,0
DA:331,0
DA:335,0
DA:343,1
DA:347,0
DA:348,0
DA:349,0
DA:351,0
DA:352,0
DA:353,0
DA:364,0
DA:371,1
DA:372,0
DA:373,0
DA:400,1
DA:405,0
DA:408,0
DA:409,0
DA:410,0
DA:411,0
DA:413,0
DA:416,0
DA:430,1
DA:431,0
DA:438,0
DA:452,1
DA:453,0
DA:464,0
LF:119
LH:17
BRDA:92,0,0,0
BRDA:92,0,1,0
BRDA:109,1,0,0
BRDA:109,1,1,0
BRDA:112,2,0,0
BRDA:126,3,0,0
BRDA:127,4,0,0
BRDA:127,5,0,0
BRDA:127,5,1,0
BRDA:132,6,0,0
BRDA:132,7,0,0
BRDA:132,7,1,0
BRDA:133,8,0,0
BRDA:133,8,1,0
BRDA:138,9,0,0
BRDA:138,9,1,0
BRDA:153,10,0,0
BRDA:163,11,0,0
BRDA:163,12,0,0
BRDA:163,12,1,0
BRDA:176,13,0,0
BRDA:185,14,0,0
BRDA:185,15,0,0
BRDA:185,15,1,0
BRDA:211,16,0,0
BRDA:217,17,0,0
BRDA:217,18,0,0
BRDA:217,18,1,0
BRDA:237,19,0,0
BRDA:261,20,0,0
BRDA:269,21,0,0
BRDA:269,21,1,0
BRDA:269,21,2,0
BRDA:273,22,0,0
BRDA:273,23,0,0
BRDA:273,23,1,0
BRDA:286,24,0,0
BRDA:322,25,0,0
BRDA:322,26,0,0
BRDA:322,26,1,0
BRDA:345,27,0,0
BRDA:352,28,0,0
BRDA:372,29,0,0
BRDA:403,30,0,0
BRF:44
BRH:0
end_of_record
TN:
SF:src/backend/services/scoring/quality-gate-rules.ts
FN:62,(anonymous_0)
FN:65,(anonymous_1)
FN:68,(anonymous_2)
FN:74,(anonymous_3)
FN:81,(anonymous_4)
FN:91,(anonymous_5)
FN:105,(anonymous_6)
FN:127,(anonymous_7)
FN:134,(anonymous_8)
FN:145,(anonymous_9)
FN:156,(anonymous_10)
FN:178,(anonymous_11)
FN:236,(anonymous_12)
FN:291,(anonymous_13)
FNF:14
FNH:0
FNDA:0,(anonymous_0)
FNDA:0,(anonymous_1)
FNDA:0,(anonymous_2)
FNDA:0,(anonymous_3)
FNDA:0,(anonymous_4)
FNDA:0,(anonymous_5)
FNDA:0,(anonymous_6)
FNDA:0,(anonymous_7)
FNDA:0,(anonymous_8)
FNDA:0,(anonymous_9)
FNDA:0,(anonymous_10)
FNDA:0,(anonymous_11)
FNDA:0,(anonymous_12)
FNDA:0,(anonymous_13)
DA:44,1
DA:50,1
DA:62,1
DA:65,0
DA:68,1
DA:74,1
DA:81,1
DA:84,0
DA:85,0
DA:86,0
DA:87,0
DA:91,1
DA:95,0
DA:96,0
DA:98,0
DA:99,0
DA:100,0
DA:101,0
DA:105,1
DA:109,0
DA:110,0
DA:111,0
DA:112,0
DA:114,0
DA:117,0
DA:118,0
DA:119,0
DA:127,1
DA:134,1
DA:138,0
DA:145,1
DA:148,0
DA:156,1
DA:178,1
DA:183,0
DA:186,0
DA:187,0
DA:199,0
DA:201,0
DA:202,0
DA:204,0
DA:205,0
DA:207,0
DA:208,0
DA:211,0
DA:213,0
DA:236,1
DA:241,0
DA:242,0
DA:245,0
DA:246,0
DA:248,0
DA:250,0
DA:251,0
DA:253,0
DA:254,0
DA:257,0
DA:258,0
DA:260,0
DA:261,0
DA:263,0
DA:266,0
DA:267,0
DA:269,0
DA:270,0
DA:274,0
DA:291,1
DA:297,0
DA:300,0
DA:301,0
DA:304,0
DA:305,0
LF:72
LH:15
BRDA:69,0,0,0
BRDA:69,0,1,0
BRDA:70,1,0,0
BRDA:70,1,1,0
BRDA:86,2,0,0
BRDA:86,2,1,0
BRDA:95,3,0,0
BRDA:100,4,0,0
BRDA:100,4,1,0
BRDA:114,5,0,0
BRDA:114,5,1,0
BRDA:114,5,2,0
BRDA:117,6,0,0
BRDA:117,6,1,0
BRDA:117,6,2,0
BRDA:118,7,0,0
BRDA:118,7,1,0
BRDA:141,8,0,0
BRDA:141,8,1,0
BRDA:186,9,0,0
BRDA:199,10,0,0
BRDA:199,10,1,0
BRDA:199,10,2,0
BRDA:241,11,0,0
BRDA:245,12,0,0
BRDA:245,12,1,0
BRDA:248,13,0,0
BRDA:248,13,1,0
BRDA:248,13,2,0
BRDA:257,14,0,0
BRDA:300,15,0,0
BRF:31
BRH:0
end_of_record
TN:
SF:src/backend/services/scoring/scoring-engine.ts
FN:58,(anonymous_0)
FN:65,(anonymous_1)
FN:71,(anonymous_2)
FN:76,(anonymous_3)
FN:84,(anonymous_4)
FN:108,(anonymous_5)
FN:129,(anonymous_6)
FN:137,(anonymous_7)
FN:149,(anonymous_8)
FN:156,(anonymous_9)
FN:166,(anonymous_10)
FN:174,(anonymous_11)
FN:191,(anonymous_12)
FN:299,(anonymous_13)
FN:302,(anonymous_14)
FN:320,(anonymous_15)
FN:331,(anonymous_16)
FN:357,(anonymous_17)
FN:366,(anonymous_18)
FN:411,(anonymous_19)
FN:418,(anonymous_20)
FN:432,(anonymous_21)
FN:478,(anonymous_22)
FN:529,(anonymous_23)
FN:537,(anonymous_24)
FNF:25
FNH:0
FNDA:0,(anonymous_0)
FNDA:0,(anonymous_1)
FNDA:0,(anonymous_2)
FNDA:0,(anonymous_3)
FNDA:0,(anonymous_4)
FNDA:0,(anonymous_5)
FNDA:0,(anonymous_6)
FNDA:0,(anonymous_7)
FNDA:0,(anonymous_8)
FNDA:0,(anonymous_9)
FNDA:0,(anonymous_10)
FNDA:0,(anonymous_11)
FNDA:0,(anonymous_12)
FNDA:0,(anonymous_13)
FNDA:0,(anonymous_14)
FNDA:0,(anonymous_15)
FNDA:0,(anonymous_16)
FNDA:0,(anonymous_17)
FNDA:0,(anonymous_18)
FNDA:0,(anonymous_19)
FNDA:0,(anonymous_20)
FNDA:0,(anonymous_21)
FNDA:0,(anonymous_22)
FNDA:0,(anonymous_23)
FNDA:0,(anonymous_24)
DA:12,1
DA:41,1
DA:49,1
DA:51,1
DA:58,1
DA:59,0
DA:60,0
DA:61,0
DA:65,1
DA:66,0
DA:67,0
DA:71,1
DA:72,0
DA:76,1
DA:77,0
DA:84,1
DA:85,0
DA:86,0
DA:92,0
DA:93,0
DA:99,0
DA:100,0
DA:108,1
DA:110,0
DA:115,0
DA:116,0
DA:129,1
DA:130,0
DA:131,0
DA:132,0
DA:133,0
DA:137,1
DA:138,0
DA:139,0
DA:149,1
DA:150,0
DA:151,0
DA:152,0
DA:156,1
DA:157,0
DA:158,0
DA:159,0
DA:166,1
DA:167,0
DA:168,0
DA:170,0
DA:171,0
DA:174,0
DA:175,0
DA:177,0
DA:180,0
DA:181,0
DA:184,0
DA:191,1
DA:192,0
DA:193,0
DA:194,0
DA:197,0
DA:299,0
DA:301,0
DA:302,0
DA:303,0
DA:304,0
DA:306,0
DA:310,0
DA:311,0
DA:312,0
DA:313,0
DA:316,0
DA:320,1
DA:321,0
DA:322,0
DA:323,0
DA:324,0
DA:325,0
DA:326,0
DA:327,0
DA:331,1
DA:332,0
DA:333,0
DA:341,0
DA:344,0
DA:348,0
DA:350,0
DA:357,1
DA:358,0
DA:359,0
DA:366,1
DA:367,0
DA:370,0
DA:371,0
DA:372,0
DA:373,0
DA:374,0
DA:378,0
DA:379,0
DA:383,0
DA:384,0
DA:388,0
DA:389,0
DA:393,0
DA:394,0
DA:398,0
DA:399,0
DA:404,0
DA:407,0
DA:411,1
DA:412,0
DA:413,0
DA:414,0
DA:418,1
DA:419,0
DA:420,0
DA:421,0
DA:422,0
DA:425,0
DA:432,1
DA:433,0
DA:436,0
DA:437,0
DA:438,0
DA:439,0
DA:440,0
DA:443,0
DA:446,0
DA:447,0
DA:451,0
DA:460,0
DA:462,0
DA:478,1
DA:479,0
DA:482,0
DA:484,0
DA:485,0
DA:486,0
DA:490,0
DA:491,0
DA:492,0
DA:493,0
DA:494,0
DA:496,0
DA:500,0
DA:506,0
DA:508,0
DA:529,1
DA:535,0
DA:536,0
DA:537,0
DA:540,0
DA:541,0
DA:543,0
DA:545,0
DA:546,0
DA:547,0
DA:549,0
DA:552,0
DA:553,0
DA:554,0
DA:556,0
DA:559,0
DA:560,0
DA:561,0
DA:562,0
DA:563,0
DA:565,0
DA:569,0
LF:166
LH:25
BRDA:65,0,0,0
BRDA:77,1,0,0
BRDA:77,1,1,0
BRDA:85,2,0,0
BRDA:92,3,0,0
BRDA:99,4,0,0
BRDA:115,5,0,0
BRDA:130,6,0,0
BRDA:131,7,0,0
BRDA:132,8,0,0
BRDA:140,9,0,0
BRDA:140,9,1,0
BRDA:140,9,2,0
BRDA:140,9,3,0
BRDA:140,9,4,0
BRDA:150,10,0,0
BRDA:151,11,0,0
BRDA:151,12,0,0
BRDA:151,12,1,0
BRDA:157,13,0,0
BRDA:157,14,0,0
BRDA:157,14,1,0
BRDA:158,15,0,0
BRDA:180,16,0,0
BRDA:299,17,0,0
BRDA:299,17,1,0
BRDA:301,18,0,0
BRDA:301,18,1,0
BRDA:310,19,0,0
BRDA:310,19,1,0
BRDA:312,20,0,0
BRDA:322,21,0,0
BRDA:323,22,0,0
BRDA:324,23,0,0
BRDA:325,24,0,0
BRDA:326,25,0,0
BRDA:344,26,0,0
BRDA:345,27,0,0
BRDA:345,27,1,0
BRDA:345,27,2,0
BRDA:371,28,0,0
BRDA:371,28,1,0
BRDA:373,29,0,0
BRDA:378,30,0,0
BRDA:383,31,0,0
BRDA:388,32,0,0
BRDA:393,33,0,0
BRDA:399,34,0,0
BRDA:400,35,0,0
BRDA:400,35,1,0
BRDA:400,35,2,0
BRDA:412,36,0,0
BRDA:412,37,0,0
BRDA:412,37,1,0
BRDA:413,38,0,0
BRDA:421,39,0,0
BRDA:437,40,0,0
BRDA:437,40,1,0
BRDA:439,41,0,0
BRDA:446,42,0,0
BRDA:484,43,0,0
BRDA:484,43,1,0
BRDA:485,44,0,0
BRDA:535,45,0,0
BRDA:535,45,1,0
BRDA:536,46,0,0
BRDA:536,46,1,0
BRDA:543,47,0,0
BRDA:543,47,1,0
BRDA:543,47,2,0
BRDA:546,48,0,0
BRDA:553,49,0,0
BRDA:561,50,0,0
BRDA:561,50,1,0
BRDA:562,51,0,0
BRF:75
BRH:0
end_of_record
TN:
SF:src/backend/types/errors.ts
FN:9,(anonymous_0)
FN:18,(anonymous_1)
FN:25,(anonymous_2)
FN:32,(anonymous_3)
FN:39,(anonymous_4)
FN:47,(anonymous_5)
FN:55,(anonymous_6)
FN:62,(anonymous_7)
FN:69,(anonymous_8)
FN:76,(anonymous_9)
FN:83,(anonymous_10)
FN:90,(anonymous_11)
FN:98,(anonymous_12)
FN:106,(anonymous_13)
FN:113,(anonymous_14)
FN:120,(anonymous_15)
FNF:16
FNH:1
FNDA:17,(anonymous_0)
FNDA:0,(anonymous_1)
FNDA:0,(anonymous_2)
FNDA:0,(anonymous_3)
FNDA:0,(anonymous_4)
FNDA:0,(anonymous_5)
FNDA:0,(anonymous_6)
FNDA:0,(anonymous_7)
FNDA:0,(anonymous_8)
FNDA:0,(anonymous_9)
FNDA:0,(anonymous_10)
FNDA:0,(anonymous_11)
FNDA:0,(anonymous_12)
FNDA:0,(anonymous_13)
FNDA:0,(anonymous_14)
FNDA:0,(anonymous_15)
DA:5,6
DA:10,17
DA:11,17
DA:12,17
DA:13,17
DA:17,6
DA:19,0
DA:20,0
DA:24,6
DA:26,0
DA:27,0
DA:31,6
DA:33,0
DA:34,0
DA:38,6
DA:40,0
DA:41,0
DA:46,6
DA:48,0
DA:49,0
DA:54,6
DA:56,0
DA:57,0
DA:61,6
DA:63,0
DA:64,0
DA:68,6
DA:70,0
DA:71,0
DA:75,6
DA:77,0
DA:78,0
DA:82,6
DA:84,0
DA:85,0
DA:89,6
DA:91,0
DA:92,0
DA:97,6
DA:99,0
DA:100,0
DA:105,6
DA:107,0
DA:108,0
DA:112,6
DA:114,0
DA:115,0
DA:119,6
DA:121,0
DA:122,0
LF:50
LH:20
BRF:0
BRH:0
end_of_record
TN:
SF:src/backend/types/index.ts
FN:7,(anonymous_0)
FN:8,(anonymous_1)
FN:9,(anonymous_2)
FN:10,(anonymous_3)
FN:11,(anonymous_4)
FN:12,(anonymous_5)
FN:13,(anonymous_6)
FN:14,(anonymous_7)
FN:15,(anonymous_8)
FN:16,(anonymous_9)
FN:17,(anonymous_10)
FN:18,(anonymous_11)
FN:19,(anonymous_12)
FN:20,(anonymous_13)
FN:21,(anonymous_14)
FN:22,(anonymous_15)
FNF:16
FNH:0
FNDA:0,(anonymous_0)
FNDA:0,(anonymous_1)
FNDA:0,(anonymous_2)
FNDA:0,(anonymous_3)
FNDA:0,(anonymous_4)
FNDA:0,(anonymous_5)
FNDA:0,(anonymous_6)
FNDA:0,(anonymous_7)
FNDA:0,(anonymous_8)
FNDA:0,(anonymous_9)
FNDA:0,(anonymous_10)
FNDA:0,(anonymous_11)
FNDA:0,(anonymous_12)
FNDA:0,(anonymous_13)
FNDA:0,(anonymous_14)
FNDA:0,(anonymous_15)
DA:6,0
DA:7,0
DA:8,0
DA:9,0
DA:10,0
DA:11,0
DA:12,0
DA:13,0
DA:14,0
DA:15,0
DA:16,0
DA:17,0
DA:18,0
DA:19,0
DA:20,0
DA:21,0
DA:22,0
LF:17
LH:0
BRF:0
BRH:0
end_of_record
